# JRE version: Java(TM) SE Runtime Environment (8.0_05-b13) (build 1.8.0_05-b13)
# Java VM: Java HotSpot(TM) 64-Bit Server VM (25.5-b02 mixed mode windows-amd64 compressed oops)
Heap:
 PSYoungGen      total 145408K, used 15752K [0x00000000eab00000, 0x00000000f5000000, 0x0000000100000000)
  eden space 126464K, 12% used [0x00000000eab00000,0x00000000eba439c8,0x00000000f2680000)
  from space 18944K, 0% used [0x00000000f3a80000,0x00000000f3a9ea00,0x00000000f4d00000)
  to   space 20480K, 0% used [0x00000000f2680000,0x00000000f2680000,0x00000000f3a80000)
 ParOldGen       total 113664K, used 96691K [0x00000000c0000000, 0x00000000c6f00000, 0x00000000eab00000)
  object space 113664K, 85% used [0x00000000c0000000,0x00000000c5e6cea0,0x00000000c6f00000)
 Metaspace       used 6137K, capacity 7096K, committed 7296K, reserved 1056768K
  class space    used 610K, capacity 624K, committed 640K, reserved 1048576K
GC Heap History (10 events):
Event: 3.464 GC heap before
{Heap before GC invocations=23 (full 0):
 PSYoungGen      total 80896K, used 78923K [0x00000000eab00000, 0x00000000f0700000, 0x0000000100000000)
  eden space 70656K, 100% used [0x00000000eab00000,0x00000000ef000000,0x00000000ef000000)
  from space 10240K, 80% used [0x00000000efb00000,0x00000000f0312d90,0x00000000f0500000)
  to   space 11264K, 0% used [0x00000000ef000000,0x00000000ef000000,0x00000000efb00000)
 ParOldGen       total 96768K, used 42888K [0x00000000c0000000, 0x00000000c5e80000, 0x00000000eab00000)
  object space 96768K, 44% used [0x00000000c0000000,0x00000000c29e21b8,0x00000000c5e80000)
 Metaspace       used 6129K, capacity 7096K, committed 7296K, reserved 1056768K
  class space    used 610K, capacity 624K, committed 640K, reserved 1048576K
Event: 3.502 GC heap after
Heap after GC invocations=23 (full 0):
 PSYoungGen      total 81920K, used 11246K [0x00000000eab00000, 0x00000000f2b00000, 0x0000000100000000)
  eden space 70656K, 0% used [0x00000000eab00000,0x00000000eab00000,0x00000000ef000000)
  from space 11264K, 99% used [0x00000000ef000000,0x00000000efafb930,0x00000000efb00000)
  to   space 15872K, 0% used [0x00000000f1b80000,0x00000000f1b80000,0x00000000f2b00000)
 ParOldGen       total 96768K, used 51147K [0x00000000c0000000, 0x00000000c5e80000, 0x00000000eab00000)
  object space 96768K, 52% used [0x00000000c0000000,0x00000000c31f2ce0,0x00000000c5e80000)
 Metaspace       used 6129K, capacity 7096K, committed 7296K, reserved 1056768K
  class space    used 610K, capacity 624K, committed 640K, reserved 1048576K
}
Event: 3.909 GC heap before
{Heap before GC invocations=24 (full 0):
 PSYoungGen      total 81920K, used 81902K [0x00000000eab00000, 0x00000000f2b00000, 0x0000000100000000)
  eden space 70656K, 100% used [0x00000000eab00000,0x00000000ef000000,0x00000000ef000000)
  from space 11264K, 99% used [0x00000000ef000000,0x00000000efafb930,0x00000000efb00000)
  to   space 15872K, 0% used [0x00000000f1b80000,0x00000000f1b80000,0x00000000f2b00000)
 ParOldGen       total 96768K, used 51147K [0x00000000c0000000, 0x00000000c5e80000, 0x00000000eab00000)
  object space 96768K, 52% used [0x00000000c0000000,0x00000000c31f2ce0,0x00000000c5e80000)
 Metaspace       used 6131K, capacity 7096K, committed 7296K, reserved 1056768K
  class space    used 610K, capacity 624K, committed 640K, reserved 1048576K
Event: 3.966 GC heap after
Heap after GC invocations=24 (full 0):
 PSYoungGen      total 114176K, used 10226K [0x00000000eab00000, 0x00000000f2d00000, 0x0000000100000000)
  eden space 98304K, 0% used [0x00000000eab00000,0x00000000eab00000,0x00000000f0b00000)
  from space 15872K, 64% used [0x00000000f1b80000,0x00000000f257c858,0x00000000f2b00000)
  to   space 16896K, 0% used [0x00000000f0b00000,0x00000000f0b00000,0x00000000f1b80000)
 ParOldGen       total 96768K, used 61781K [0x00000000c0000000, 0x00000000c5e80000, 0x00000000eab00000)
  object space 96768K, 63% used [0x00000000c0000000,0x00000000c3c55740,0x00000000c5e80000)
 Metaspace       used 6131K, capacity 7096K, committed 7296K, reserved 1056768K
  class space    used 610K, capacity 624K, committed 640K, reserved 1048576K
}
Event: 4.368 GC heap before
{Heap before GC invocations=25 (full 0):
 PSYoungGen      total 114176K, used 108530K [0x00000000eab00000, 0x00000000f2d00000, 0x0000000100000000)
  eden space 98304K, 100% used [0x00000000eab00000,0x00000000f0b00000,0x00000000f0b00000)
  from space 15872K, 64% used [0x00000000f1b80000,0x00000000f257c858,0x00000000f2b00000)
  to   space 16896K, 0% used [0x00000000f0b00000,0x00000000f0b00000,0x00000000f1b80000)
 ParOldGen       total 96768K, used 61781K [0x00000000c0000000, 0x00000000c5e80000, 0x00000000eab00000)
  object space 96768K, 63% used [0x00000000c0000000,0x00000000c3c55740,0x00000000c5e80000)
 Metaspace       used 6133K, capacity 7096K, committed 7296K, reserved 1056768K
  class space    used 610K, capacity 624K, committed 640K, reserved 1048576K
Event: 4.435 GC heap after
Heap after GC invocations=25 (full 0):
 PSYoungGen      total 115200K, used 15584K [0x00000000eab00000, 0x00000000f4d00000, 0x0000000100000000)
  eden space 98304K, 0% used [0x00000000eab00000,0x00000000eab00000,0x00000000f0b00000)
  from space 16896K, 92% used [0x00000000f0b00000,0x00000000f1a38010,0x00000000f1b80000)
  to   space 18944K, 0% used [0x00000000f3a80000,0x00000000f3a80000,0x00000000f4d00000)
 ParOldGen       total 96768K, used 71553K [0x00000000c0000000, 0x00000000c5e80000, 0x00000000eab00000)
  object space 96768K, 73% used [0x00000000c0000000,0x00000000c45e05b0,0x00000000c5e80000)
 Metaspace       used 6133K, capacity 7096K, committed 7296K, reserved 1056768K
  class space    used 610K, capacity 624K, committed 640K, reserved 1048576K
}
Event: 4.842 GC heap before
{Heap before GC invocations=26 (full 0):
 PSYoungGen      total 115200K, used 113888K [0x00000000eab00000, 0x00000000f4d00000, 0x0000000100000000)
  eden space 98304K, 100% used [0x00000000eab00000,0x00000000f0b00000,0x00000000f0b00000)
  from space 16896K, 92% used [0x00000000f0b00000,0x00000000f1a38010,0x00000000f1b80000)
  to   space 18944K, 0% used [0x00000000f3a80000,0x00000000f3a80000,0x00000000f4d00000)
 ParOldGen       total 96768K, used 71553K [0x00000000c0000000, 0x00000000c5e80000, 0x00000000eab00000)
  object space 96768K, 73% used [0x00000000c0000000,0x00000000c45e05b0,0x00000000c5e80000)
 Metaspace       used 6135K, capacity 7096K, committed 7296K, reserved 1056768K
  class space    used 610K, capacity 624K, committed 640K, reserved 1048576K
Event: 4.893 GC heap after
Heap after GC invocations=26 (full 0):
 PSYoungGen      total 145408K, used 14485K [0x00000000eab00000, 0x00000000f5000000, 0x0000000100000000)
  eden space 126464K, 0% used [0x00000000eab00000,0x00000000eab00000,0x00000000f2680000)
  from space 18944K, 76% used [0x00000000f3a80000,0x00000000f48a5480,0x00000000f4d00000)
  to   space 20480K, 0% used [0x00000000f2680000,0x00000000f2680000,0x00000000f3a80000)
 ParOldGen       total 96768K, used 86291K [0x00000000c0000000, 0x00000000c5e80000, 0x00000000eab00000)
  object space 96768K, 89% used [0x00000000c0000000,0x00000000c5444fe0,0x00000000c5e80000)
 Metaspace       used 6135K, capacity 7096K, committed 7296K, reserved 1056768K
  class space    used 610K, capacity 624K, committed 640K, reserved 1048576K
}
Event: 4.893 GC heap before
{Heap before GC invocations=27 (full 1):
 PSYoungGen      total 145408K, used 14485K [0x00000000eab00000, 0x00000000f5000000, 0x0000000100000000)
  eden space 126464K, 0% used [0x00000000eab00000,0x00000000eab00000,0x00000000f2680000)
  from space 18944K, 76% used [0x00000000f3a80000,0x00000000f48a5480,0x00000000f4d00000)
  to   space 20480K, 0% used [0x00000000f2680000,0x00000000f2680000,0x00000000f3a80000)
 ParOldGen       total 96768K, used 86291K [0x00000000c0000000, 0x00000000c5e80000, 0x00000000eab00000)
  object space 96768K, 89% used [0x00000000c0000000,0x00000000c5444fe0,0x00000000c5e80000)
 Metaspace       used 6135K, capacity 7096K, committed 7296K, reserved 1056768K
  class space    used 610K, capacity 624K, committed 640K, reserved 1048576K
Event: 5.696 GC heap after
Heap after GC invocations=27 (full 1):
 PSYoungGen      total 145408K, used 122K [0x00000000eab00000, 0x00000000f5000000, 0x0000000100000000)
  eden space 126464K, 0% used [0x00000000eab00000,0x00000000eab00000,0x00000000f2680000)
  from space 18944K, 0% used [0x00000000f3a80000,0x00000000f3a9ea00,0x00000000f4d00000)
  to   space 20480K, 0% used [0x00000000f2680000,0x00000000f2680000,0x00000000f3a80000)
 ParOldGen       total 113664K, used 96691K [0x00000000c0000000, 0x00000000c6f00000, 0x00000000eab00000)
  object space 113664K, 85% used [0x00000000c0000000,0x00000000c5e6cea0,0x00000000c6f00000)
 Metaspace       used 6135K, capacity 7096K, committed 7296K, reserved 1056768K
  class space    used 610K, capacity 624K, committed 640K, reserved 1048576K
}

