# JRE version: Java(TM) SE Runtime Environment (8.0_05-b13) (build 1.8.0_05-b13)
# Java VM: Java HotSpot(TM) 64-Bit Server VM (25.5-b02 mixed mode windows-amd64 compressed oops)
Heap:
 PSYoungGen      total 230400K, used 176804K [0x00000000eab00000, 0x00000000ff700000, 0x0000000100000000)
  eden space 145920K, 75% used [0x00000000eab00000,0x00000000f16bfe98,0x00000000f3980000)
  from space 84480K, 78% used [0x00000000f3980000,0x00000000f7a693f0,0x00000000f8c00000)
  to   space 92160K, 0% used [0x00000000f9d00000,0x00000000f9d00000,0x00000000ff700000)
 ParOldGen       total 254464K, used 208879K [0x00000000c0000000, 0x00000000cf880000, 0x00000000eab00000)
  object space 254464K, 82% used [0x00000000c0000000,0x00000000ccbfbd00,0x00000000cf880000)
 Metaspace       used 6199K, capacity 7096K, committed 7296K, reserved 1056768K
  class space    used 613K, capacity 624K, committed 640K, reserved 1048576K
GC Heap History (10 events):
Event: 11.200 GC heap before
{Heap before GC invocations=36 (full 4):
 PSYoungGen      total 201728K, used 170497K [0x00000000eab00000, 0x00000000fab80000, 0x0000000100000000)
  eden space 145408K, 100% used [0x00000000eab00000,0x00000000f3900000,0x00000000f3900000)
  from space 56320K, 44% used [0x00000000f3900000,0x00000000f5180770,0x00000000f7000000)
  to   space 54784K, 0% used [0x00000000f7600000,0x00000000f7600000,0x00000000fab80000)
 ParOldGen       total 208896K, used 161857K [0x00000000c0000000, 0x00000000ccc00000, 0x00000000eab00000)
  object space 208896K, 77% used [0x00000000c0000000,0x00000000c9e10790,0x00000000ccc00000)
 Metaspace       used 6177K, capacity 7096K, committed 7296K, reserved 1056768K
  class space    used 613K, capacity 624K, committed 640K, reserved 1048576K
Event: 11.263 GC heap after
Heap after GC invocations=36 (full 4):
 PSYoungGen      total 201216K, used 47216K [0x00000000eab00000, 0x00000000fba00000, 0x0000000100000000)
  eden space 146432K, 0% used [0x00000000eab00000,0x00000000eab00000,0x00000000f3a00000)
  from space 54784K, 86% used [0x00000000f7600000,0x00000000fa41c3b8,0x00000000fab80000)
  to   space 61440K, 0% used [0x00000000f3a00000,0x00000000f3a00000,0x00000000f7600000)
 ParOldGen       total 208896K, used 161857K [0x00000000c0000000, 0x00000000ccc00000, 0x00000000eab00000)
  object space 208896K, 77% used [0x00000000c0000000,0x00000000c9e10790,0x00000000ccc00000)
 Metaspace       used 6177K, capacity 7096K, committed 7296K, reserved 1056768K
  class space    used 613K, capacity 624K, committed 640K, reserved 1048576K
}
Event: 11.745 GC heap before
{Heap before GC invocations=37 (full 4):
 PSYoungGen      total 201216K, used 193648K [0x00000000eab00000, 0x00000000fba00000, 0x0000000100000000)
  eden space 146432K, 100% used [0x00000000eab00000,0x00000000f3a00000,0x00000000f3a00000)
  from space 54784K, 86% used [0x00000000f7600000,0x00000000fa41c3b8,0x00000000fab80000)
  to   space 61440K, 0% used [0x00000000f3a00000,0x00000000f3a00000,0x00000000f7600000)
 ParOldGen       total 208896K, used 161857K [0x00000000c0000000, 0x00000000ccc00000, 0x00000000eab00000)
  object space 208896K, 77% used [0x00000000c0000000,0x00000000c9e10790,0x00000000ccc00000)
 Metaspace       used 6187K, capacity 7096K, committed 7296K, reserved 1056768K
  class space    used 613K, capacity 624K, committed 640K, reserved 1048576K
Event: 11.857 GC heap after
Heap after GC invocations=37 (full 4):
 PSYoungGen      total 207872K, used 61425K [0x00000000eab00000, 0x00000000fd500000, 0x0000000100000000)
  eden space 146432K, 0% used [0x00000000eab00000,0x00000000eab00000,0x00000000f3a00000)
  from space 61440K, 99% used [0x00000000f3a00000,0x00000000f75fc7e0,0x00000000f7600000)
  to   space 74752K, 0% used [0x00000000f8c00000,0x00000000f8c00000,0x00000000fd500000)
 ParOldGen       total 208896K, used 171000K [0x00000000c0000000, 0x00000000ccc00000, 0x00000000eab00000)
  object space 208896K, 81% used [0x00000000c0000000,0x00000000ca6fe1c0,0x00000000ccc00000)
 Metaspace       used 6187K, capacity 7096K, committed 7296K, reserved 1056768K
  class space    used 613K, capacity 624K, committed 640K, reserved 1048576K
}
Event: 12.233 GC heap before
{Heap before GC invocations=38 (full 4):
 PSYoungGen      total 207872K, used 207857K [0x00000000eab00000, 0x00000000fd500000, 0x0000000100000000)
  eden space 146432K, 100% used [0x00000000eab00000,0x00000000f3a00000,0x00000000f3a00000)
  from space 61440K, 99% used [0x00000000f3a00000,0x00000000f75fc7e0,0x00000000f7600000)
  to   space 74752K, 0% used [0x00000000f8c00000,0x00000000f8c00000,0x00000000fd500000)
 ParOldGen       total 208896K, used 171000K [0x00000000c0000000, 0x00000000ccc00000, 0x00000000eab00000)
  object space 208896K, 81% used [0x00000000c0000000,0x00000000ca6fe1c0,0x00000000ccc00000)
 Metaspace       used 6196K, capacity 7096K, committed 7296K, reserved 1056768K
  class space    used 613K, capacity 624K, committed 640K, reserved 1048576K
Event: 12.343 GC heap after
Heap after GC invocations=38 (full 4):
 PSYoungGen      total 220672K, used 65910K [0x00000000eab00000, 0x00000000fe980000, 0x0000000100000000)
  eden space 145920K, 0% used [0x00000000eab00000,0x00000000eab00000,0x00000000f3980000)
  from space 74752K, 88% used [0x00000000f8c00000,0x00000000fcc5d808,0x00000000fd500000)
  to   space 84480K, 0% used [0x00000000f3980000,0x00000000f3980000,0x00000000f8c00000)
 ParOldGen       total 208896K, used 189872K [0x00000000c0000000, 0x00000000ccc00000, 0x00000000eab00000)
  object space 208896K, 90% used [0x00000000c0000000,0x00000000cb96c038,0x00000000ccc00000)
 Metaspace       used 6196K, capacity 7096K, committed 7296K, reserved 1056768K
  class space    used 613K, capacity 624K, committed 640K, reserved 1048576K
}
Event: 12.343 GC heap before
{Heap before GC invocations=39 (full 5):
 PSYoungGen      total 220672K, used 65910K [0x00000000eab00000, 0x00000000fe980000, 0x0000000100000000)
  eden space 145920K, 0% used [0x00000000eab00000,0x00000000eab00000,0x00000000f3980000)
  from space 74752K, 88% used [0x00000000f8c00000,0x00000000fcc5d808,0x00000000fd500000)
  to   space 84480K, 0% used [0x00000000f3980000,0x00000000f3980000,0x00000000f8c00000)
 ParOldGen       total 208896K, used 189872K [0x00000000c0000000, 0x00000000ccc00000, 0x00000000eab00000)
  object space 208896K, 90% used [0x00000000c0000000,0x00000000cb96c038,0x00000000ccc00000)
 Metaspace       used 6196K, capacity 7096K, committed 7296K, reserved 1056768K
  class space    used 613K, capacity 624K, committed 640K, reserved 1048576K
Event: 13.922 GC heap after
Heap after GC invocations=39 (full 5):
 PSYoungGen      total 220672K, used 43646K [0x00000000eab00000, 0x00000000fe980000, 0x0000000100000000)
  eden space 145920K, 0% used [0x00000000eab00000,0x00000000eab00000,0x00000000f3980000)
  from space 74752K, 58% used [0x00000000f8c00000,0x00000000fb69faa8,0x00000000fd500000)
  to   space 84480K, 0% used [0x00000000f3980000,0x00000000f3980000,0x00000000f8c00000)
 ParOldGen       total 254464K, used 208879K [0x00000000c0000000, 0x00000000cf880000, 0x00000000eab00000)
  object space 254464K, 82% used [0x00000000c0000000,0x00000000ccbfbd00,0x00000000cf880000)
 Metaspace       used 6196K, capacity 7096K, committed 7296K, reserved 1056768K
  class space    used 613K, capacity 624K, committed 640K, reserved 1048576K
}
Event: 14.295 GC heap before
{Heap before GC invocations=40 (full 5):
 PSYoungGen      total 220672K, used 189566K [0x00000000eab00000, 0x00000000fe980000, 0x0000000100000000)
  eden space 145920K, 100% used [0x00000000eab00000,0x00000000f3980000,0x00000000f3980000)
  from space 74752K, 58% used [0x00000000f8c00000,0x00000000fb69faa8,0x00000000fd500000)
  to   space 84480K, 0% used [0x00000000f3980000,0x00000000f3980000,0x00000000f8c00000)
 ParOldGen       total 254464K, used 208879K [0x00000000c0000000, 0x00000000cf880000, 0x00000000eab00000)
  object space 254464K, 82% used [0x00000000c0000000,0x00000000ccbfbd00,0x00000000cf880000)
 Metaspace       used 6199K, capacity 7096K, committed 7296K, reserved 1056768K
  class space    used 613K, capacity 624K, committed 640K, reserved 1048576K
Event: 14.448 GC heap after
Heap after GC invocations=40 (full 5):
 PSYoungGen      total 230400K, used 66468K [0x00000000eab00000, 0x00000000ff700000, 0x0000000100000000)
  eden space 145920K, 0% used [0x00000000eab00000,0x00000000eab00000,0x00000000f3980000)
  from space 84480K, 78% used [0x00000000f3980000,0x00000000f7a693f0,0x00000000f8c00000)
  to   space 92160K, 0% used [0x00000000f9d00000,0x00000000f9d00000,0x00000000ff700000)
 ParOldGen       total 254464K, used 208879K [0x00000000c0000000, 0x00000000cf880000, 0x00000000eab00000)
  object space 254464K, 82% used [0x00000000c0000000,0x00000000ccbfbd00,0x00000000cf880000)
 Metaspace       used 6199K, capacity 7096K, committed 7296K, reserved 1056768K
  class space    used 613K, capacity 624K, committed 640K, reserved 1048576K
}

