# JRE version: Java(TM) SE Runtime Environment (8.0_05-b13) (build 1.8.0_05-b13)
# Java VM: Java HotSpot(TM) 64-Bit Server VM (25.5-b02 mixed mode windows-amd64 compressed oops)
Heap:
 PSYoungGen      total 233472K, used 66533K [0x00000000eab00000, 0x00000000ff880000, 0x0000000100000000)
  eden space 166912K, 0% used [0x00000000eab00000,0x00000000eab00000,0x00000000f4e00000)
  from space 66560K, 99% used [0x00000000f4e00000,0x00000000f8ef97f0,0x00000000f8f00000)
  to   space 82432K, 0% used [0x00000000fa800000,0x00000000fa800000,0x00000000ff880000)
 ParOldGen       total 208384K, used 175158K [0x00000000c0000000, 0x00000000ccb80000, 0x00000000eab00000)
  object space 208384K, 84% used [0x00000000c0000000,0x00000000cab0dac0,0x00000000ccb80000)
 Metaspace       used 6195K, capacity 7096K, committed 7296K, reserved 1056768K
  class space    used 612K, capacity 624K, committed 640K, reserved 1048576K
GC Heap History (10 events):
Event: 11.275 GC heap after
Heap after GC invocations=29 (full 3):
 PSYoungGen      total 227328K, used 29322K [0x00000000eab00000, 0x00000000fcb80000, 0x0000000100000000)
  eden space 166400K, 0% used [0x00000000eab00000,0x00000000eab00000,0x00000000f4d80000)
  from space 60928K, 48% used [0x00000000f8880000,0x00000000fa5228e0,0x00000000fc400000)
  to   space 60416K, 0% used [0x00000000f4d80000,0x00000000f4d80000,0x00000000f8880000)
 ParOldGen       total 208384K, used 198386K [0x00000000c0000000, 0x00000000ccb80000, 0x00000000eab00000)
  object space 208384K, 95% used [0x00000000c0000000,0x00000000cc1bca58,0x00000000ccb80000)
 Metaspace       used 6177K, capacity 7096K, committed 7296K, reserved 1056768K
  class space    used 612K, capacity 624K, committed 640K, reserved 1048576K
}
Event: 11.275 GC heap before
{Heap before GC invocations=30 (full 4):
 PSYoungGen      total 227328K, used 29322K [0x00000000eab00000, 0x00000000fcb80000, 0x0000000100000000)
  eden space 166400K, 0% used [0x00000000eab00000,0x00000000eab00000,0x00000000f4d80000)
  from space 60928K, 48% used [0x00000000f8880000,0x00000000fa5228e0,0x00000000fc400000)
  to   space 60416K, 0% used [0x00000000f4d80000,0x00000000f4d80000,0x00000000f8880000)
 ParOldGen       total 208384K, used 198386K [0x00000000c0000000, 0x00000000ccb80000, 0x00000000eab00000)
  object space 208384K, 95% used [0x00000000c0000000,0x00000000cc1bca58,0x00000000ccb80000)
 Metaspace       used 6177K, capacity 7096K, committed 7296K, reserved 1056768K
  class space    used 612K, capacity 624K, committed 640K, reserved 1048576K
Event: 11.977 GC heap after
Heap after GC invocations=30 (full 4):
 PSYoungGen      total 227328K, used 0K [0x00000000eab00000, 0x00000000fcb80000, 0x0000000100000000)
  eden space 166400K, 0% used [0x00000000eab00000,0x00000000eab00000,0x00000000f4d80000)
  from space 60928K, 0% used [0x00000000f8880000,0x00000000f8880000,0x00000000fc400000)
  to   space 60416K, 0% used [0x00000000f4d80000,0x00000000f4d80000,0x00000000f8880000)
 ParOldGen       total 208384K, used 162677K [0x00000000c0000000, 0x00000000ccb80000, 0x00000000eab00000)
  object space 208384K, 78% used [0x00000000c0000000,0x00000000c9edd580,0x00000000ccb80000)
 Metaspace       used 6177K, capacity 7096K, committed 7296K, reserved 1056768K
  class space    used 612K, capacity 624K, committed 640K, reserved 1048576K
}
Event: 12.586 GC heap before
{Heap before GC invocations=31 (full 4):
 PSYoungGen      total 227328K, used 166400K [0x00000000eab00000, 0x00000000fcb80000, 0x0000000100000000)
  eden space 166400K, 100% used [0x00000000eab00000,0x00000000f4d80000,0x00000000f4d80000)
  from space 60928K, 0% used [0x00000000f8880000,0x00000000f8880000,0x00000000fc400000)
  to   space 60416K, 0% used [0x00000000f4d80000,0x00000000f4d80000,0x00000000f8880000)
 ParOldGen       total 208384K, used 162677K [0x00000000c0000000, 0x00000000ccb80000, 0x00000000eab00000)
  object space 208384K, 78% used [0x00000000c0000000,0x00000000c9edd580,0x00000000ccb80000)
 Metaspace       used 6180K, capacity 7096K, committed 7296K, reserved 1056768K
  class space    used 612K, capacity 624K, committed 640K, reserved 1048576K
Event: 12.650 GC heap after
Heap after GC invocations=31 (full 4):
 PSYoungGen      total 226816K, used 27656K [0x00000000eab00000, 0x00000000fc880000, 0x0000000100000000)
  eden space 166400K, 0% used [0x00000000eab00000,0x00000000eab00000,0x00000000f4d80000)
  from space 60416K, 45% used [0x00000000f4d80000,0x00000000f6882130,0x00000000f8880000)
  to   space 58880K, 0% used [0x00000000f8f00000,0x00000000f8f00000,0x00000000fc880000)
 ParOldGen       total 208384K, used 162677K [0x00000000c0000000, 0x00000000ccb80000, 0x00000000eab00000)
  object space 208384K, 78% used [0x00000000c0000000,0x00000000c9edd580,0x00000000ccb80000)
 Metaspace       used 6180K, capacity 7096K, committed 7296K, reserved 1056768K
  class space    used 612K, capacity 624K, committed 640K, reserved 1048576K
}
Event: 13.371 GC heap before
{Heap before GC invocations=32 (full 4):
 PSYoungGen      total 226816K, used 194056K [0x00000000eab00000, 0x00000000fc880000, 0x0000000100000000)
  eden space 166400K, 100% used [0x00000000eab00000,0x00000000f4d80000,0x00000000f4d80000)
  from space 60416K, 45% used [0x00000000f4d80000,0x00000000f6882130,0x00000000f8880000)
  to   space 58880K, 0% used [0x00000000f8f00000,0x00000000f8f00000,0x00000000fc880000)
 ParOldGen       total 208384K, used 162677K [0x00000000c0000000, 0x00000000ccb80000, 0x00000000eab00000)
  object space 208384K, 78% used [0x00000000c0000000,0x00000000c9edd580,0x00000000ccb80000)
 Metaspace       used 6180K, capacity 7096K, committed 7296K, reserved 1056768K
  class space    used 612K, capacity 624K, committed 640K, reserved 1048576K
Event: 13.456 GC heap after
Heap after GC invocations=32 (full 4):
 PSYoungGen      total 225792K, used 52011K [0x00000000eab00000, 0x00000000fd800000, 0x0000000100000000)
  eden space 166912K, 0% used [0x00000000eab00000,0x00000000eab00000,0x00000000f4e00000)
  from space 58880K, 88% used [0x00000000f8f00000,0x00000000fc1cae20,0x00000000fc880000)
  to   space 66560K, 0% used [0x00000000f4e00000,0x00000000f4e00000,0x00000000f8f00000)
 ParOldGen       total 208384K, used 162677K [0x00000000c0000000, 0x00000000ccb80000, 0x00000000eab00000)
  object space 208384K, 78% used [0x00000000c0000000,0x00000000c9edd580,0x00000000ccb80000)
 Metaspace       used 6180K, capacity 7096K, committed 7296K, reserved 1056768K
  class space    used 612K, capacity 624K, committed 640K, reserved 1048576K
}
Event: 14.202 GC heap before
{Heap before GC invocations=33 (full 4):
 PSYoungGen      total 225792K, used 218923K [0x00000000eab00000, 0x00000000fd800000, 0x0000000100000000)
  eden space 166912K, 100% used [0x00000000eab00000,0x00000000f4e00000,0x00000000f4e00000)
  from space 58880K, 88% used [0x00000000f8f00000,0x00000000fc1cae20,0x00000000fc880000)
  to   space 66560K, 0% used [0x00000000f4e00000,0x00000000f4e00000,0x00000000f8f00000)
 ParOldGen       total 208384K, used 162677K [0x00000000c0000000, 0x00000000ccb80000, 0x00000000eab00000)
  object space 208384K, 78% used [0x00000000c0000000,0x00000000c9edd580,0x00000000ccb80000)
 Metaspace       used 6195K, capacity 7096K, committed 7296K, reserved 1056768K
  class space    used 612K, capacity 624K, committed 640K, reserved 1048576K
Event: 14.331 GC heap after
Heap after GC invocations=33 (full 4):
 PSYoungGen      total 233472K, used 66533K [0x00000000eab00000, 0x00000000ff880000, 0x0000000100000000)
  eden space 166912K, 0% used [0x00000000eab00000,0x00000000eab00000,0x00000000f4e00000)
  from space 66560K, 99% used [0x00000000f4e00000,0x00000000f8ef97f0,0x00000000f8f00000)
  to   space 82432K, 0% used [0x00000000fa800000,0x00000000fa800000,0x00000000ff880000)
 ParOldGen       total 208384K, used 175158K [0x00000000c0000000, 0x00000000ccb80000, 0x00000000eab00000)
  object space 208384K, 84% used [0x00000000c0000000,0x00000000cab0dac0,0x00000000ccb80000)
 Metaspace       used 6195K, capacity 7096K, committed 7296K, reserved 1056768K
  class space    used 612K, capacity 624K, committed 640K, reserved 1048576K
}
Event: 14.331 GC heap before
{Heap before GC invocations=34 (full 5):
 PSYoungGen      total 233472K, used 66533K [0x00000000eab00000, 0x00000000ff880000, 0x0000000100000000)
  eden space 166912K, 0% used [0x00000000eab00000,0x00000000eab00000,0x00000000f4e00000)
  from space 66560K, 99% used [0x00000000f4e00000,0x00000000f8ef97f0,0x00000000f8f00000)
  to   space 82432K, 0% used [0x00000000fa800000,0x00000000fa800000,0x00000000ff880000)
 ParOldGen       total 208384K, used 175158K [0x00000000c0000000, 0x00000000ccb80000, 0x00000000eab00000)
  object space 208384K, 84% used [0x00000000c0000000,0x00000000cab0dac0,0x00000000ccb80000)
 Metaspace       used 6195K, capacity 7096K, committed 7296K, reserved 1056768K
  class space    used 612K, capacity 624K, committed 640K, reserved 1048576K

