# JRE version: Java(TM) SE Runtime Environment (8.0_05-b13) (build 1.8.0_05-b13)
# Java VM: Java HotSpot(TM) 64-Bit Server VM (25.5-b02 mixed mode windows-amd64 compressed oops)
Heap:
 PSYoungGen      total 208384K, used 119004K [0x00000000eab00000, 0x00000000ff480000, 0x0000000100000000)
  eden space 143360K, 39% used [0x00000000eab00000,0x00000000ee1aef78,0x00000000f3700000)
  from space 65024K, 96% used [0x00000000f3700000,0x00000000f74880c8,0x00000000f7680000)
  to   space 93184K, 0% used [0x00000000f9980000,0x00000000f9980000,0x00000000ff480000)
 ParOldGen       total 345600K, used 292145K [0x00000000c0000000, 0x00000000d5180000, 0x00000000eab00000)
  object space 345600K, 84% used [0x00000000c0000000,0x00000000d1d4c548,0x00000000d5180000)
 Metaspace       used 6181K, capacity 7096K, committed 7296K, reserved 1056768K
  class space    used 612K, capacity 624K, committed 640K, reserved 1048576K
GC Heap History (10 events):
Event: 15.941 GC heap before
{Heap before GC invocations=40 (full 6):
 PSYoungGen      total 200704K, used 29392K [0x00000000eab00000, 0x00000000fa980000, 0x0000000100000000)
  eden space 144896K, 0% used [0x00000000eab00000,0x00000000eab00000,0x00000000f3880000)
  from space 55808K, 52% used [0x00000000f7300000,0x00000000f8fb4120,0x00000000fa980000)
  to   space 57856K, 0% used [0x00000000f3880000,0x00000000f3880000,0x00000000f7100000)
 ParOldGen       total 243712K, used 224107K [0x00000000c0000000, 0x00000000cee00000, 0x00000000eab00000)
  object space 243712K, 91% used [0x00000000c0000000,0x00000000cdadafd8,0x00000000cee00000)
 Metaspace       used 6169K, capacity 7096K, committed 7296K, reserved 1056768K
  class space    used 611K, capacity 624K, committed 640K, reserved 1048576K
Event: 17.305 GC heap after
Heap after GC invocations=40 (full 6):
 PSYoungGen      total 200704K, used 8156K [0x00000000eab00000, 0x00000000fa980000, 0x0000000100000000)
  eden space 144896K, 0% used [0x00000000eab00000,0x00000000eab00000,0x00000000f3880000)
  from space 55808K, 14% used [0x00000000f7300000,0x00000000f7af7110,0x00000000fa980000)
  to   space 57856K, 0% used [0x00000000f3880000,0x00000000f3880000,0x00000000f7100000)
 ParOldGen       total 283136K, used 243627K [0x00000000c0000000, 0x00000000d1480000, 0x00000000eab00000)
  object space 283136K, 86% used [0x00000000c0000000,0x00000000cedeaed0,0x00000000d1480000)
 Metaspace       used 6169K, capacity 7096K, committed 7296K, reserved 1056768K
  class space    used 611K, capacity 624K, committed 640K, reserved 1048576K
}
Event: 17.913 GC heap before
{Heap before GC invocations=41 (full 6):
 PSYoungGen      total 200704K, used 153052K [0x00000000eab00000, 0x00000000fa980000, 0x0000000100000000)
  eden space 144896K, 100% used [0x00000000eab00000,0x00000000f3880000,0x00000000f3880000)
  from space 55808K, 14% used [0x00000000f7300000,0x00000000f7af7110,0x00000000fa980000)
  to   space 57856K, 0% used [0x00000000f3880000,0x00000000f3880000,0x00000000f7100000)
 ParOldGen       total 283136K, used 243627K [0x00000000c0000000, 0x00000000d1480000, 0x00000000eab00000)
  object space 283136K, 86% used [0x00000000c0000000,0x00000000cedeaed0,0x00000000d1480000)
 Metaspace       used 6171K, capacity 7096K, committed 7296K, reserved 1056768K
  class space    used 611K, capacity 624K, committed 640K, reserved 1048576K
Event: 18.118 GC heap after
Heap after GC invocations=41 (full 6):
 PSYoungGen      total 202752K, used 29256K [0x00000000eab00000, 0x00000000fae00000, 0x0000000100000000)
  eden space 144896K, 0% used [0x00000000eab00000,0x00000000eab00000,0x00000000f3880000)
  from space 57856K, 50% used [0x00000000f3880000,0x00000000f55123f0,0x00000000f7100000)
  to   space 56832K, 0% used [0x00000000f7680000,0x00000000f7680000,0x00000000fae00000)
 ParOldGen       total 283136K, used 243627K [0x00000000c0000000, 0x00000000d1480000, 0x00000000eab00000)
  object space 283136K, 86% used [0x00000000c0000000,0x00000000cedeaed0,0x00000000d1480000)
 Metaspace       used 6171K, capacity 7096K, committed 7296K, reserved 1056768K
  class space    used 611K, capacity 624K, committed 640K, reserved 1048576K
}
Event: 18.754 GC heap before
{Heap before GC invocations=42 (full 6):
 PSYoungGen      total 202752K, used 174152K [0x00000000eab00000, 0x00000000fae00000, 0x0000000100000000)
  eden space 144896K, 100% used [0x00000000eab00000,0x00000000f3880000,0x00000000f3880000)
  from space 57856K, 50% used [0x00000000f3880000,0x00000000f55123f0,0x00000000f7100000)
  to   space 56832K, 0% used [0x00000000f7680000,0x00000000f7680000,0x00000000fae00000)
 ParOldGen       total 283136K, used 243627K [0x00000000c0000000, 0x00000000d1480000, 0x00000000eab00000)
  object space 283136K, 86% used [0x00000000c0000000,0x00000000cedeaed0,0x00000000d1480000)
 Metaspace       used 6172K, capacity 7096K, committed 7296K, reserved 1056768K
  class space    used 611K, capacity 624K, committed 640K, reserved 1048576K
Event: 18.885 GC heap after
Heap after GC invocations=42 (full 6):
 PSYoungGen      total 200192K, used 54942K [0x00000000eab00000, 0x00000000fbe80000, 0x0000000100000000)
  eden space 143360K, 0% used [0x00000000eab00000,0x00000000eab00000,0x00000000f3700000)
  from space 56832K, 96% used [0x00000000f7680000,0x00000000fac27a78,0x00000000fae00000)
  to   space 65024K, 0% used [0x00000000f3700000,0x00000000f3700000,0x00000000f7680000)
 ParOldGen       total 283136K, used 243635K [0x00000000c0000000, 0x00000000d1480000, 0x00000000eab00000)
  object space 283136K, 86% used [0x00000000c0000000,0x00000000cedeced0,0x00000000d1480000)
 Metaspace       used 6172K, capacity 7096K, committed 7296K, reserved 1056768K
  class space    used 611K, capacity 624K, committed 640K, reserved 1048576K
}
Event: 19.709 GC heap before
{Heap before GC invocations=43 (full 6):
 PSYoungGen      total 200192K, used 198302K [0x00000000eab00000, 0x00000000fbe80000, 0x0000000100000000)
  eden space 143360K, 100% used [0x00000000eab00000,0x00000000f3700000,0x00000000f3700000)
  from space 56832K, 96% used [0x00000000f7680000,0x00000000fac27a78,0x00000000fae00000)
  to   space 65024K, 0% used [0x00000000f3700000,0x00000000f3700000,0x00000000f7680000)
 ParOldGen       total 283136K, used 243635K [0x00000000c0000000, 0x00000000d1480000, 0x00000000eab00000)
  object space 283136K, 86% used [0x00000000c0000000,0x00000000cedeced0,0x00000000d1480000)
 Metaspace       used 6172K, capacity 7096K, committed 7296K, reserved 1056768K
  class space    used 611K, capacity 624K, committed 640K, reserved 1048576K
Event: 19.845 GC heap after
Heap after GC invocations=43 (full 6):
 PSYoungGen      total 208384K, used 65007K [0x00000000eab00000, 0x00000000ff480000, 0x0000000100000000)
  eden space 143360K, 0% used [0x00000000eab00000,0x00000000eab00000,0x00000000f3700000)
  from space 65024K, 99% used [0x00000000f3700000,0x00000000f767bca8,0x00000000f7680000)
  to   space 93184K, 0% used [0x00000000f9980000,0x00000000f9980000,0x00000000ff480000)
 ParOldGen       total 292352K, used 291571K [0x00000000c0000000, 0x00000000d1d80000, 0x00000000eab00000)
  object space 292352K, 99% used [0x00000000c0000000,0x00000000d1cbcef8,0x00000000d1d80000)
 Metaspace       used 6172K, capacity 7096K, committed 7296K, reserved 1056768K
  class space    used 611K, capacity 624K, committed 640K, reserved 1048576K
}
Event: 19.845 GC heap before
{Heap before GC invocations=44 (full 7):
 PSYoungGen      total 208384K, used 65007K [0x00000000eab00000, 0x00000000ff480000, 0x0000000100000000)
  eden space 143360K, 0% used [0x00000000eab00000,0x00000000eab00000,0x00000000f3700000)
  from space 65024K, 99% used [0x00000000f3700000,0x00000000f767bca8,0x00000000f7680000)
  to   space 93184K, 0% used [0x00000000f9980000,0x00000000f9980000,0x00000000ff480000)
 ParOldGen       total 292352K, used 291571K [0x00000000c0000000, 0x00000000d1d80000, 0x00000000eab00000)
  object space 292352K, 99% used [0x00000000c0000000,0x00000000d1cbcef8,0x00000000d1d80000)
 Metaspace       used 6172K, capacity 7096K, committed 7296K, reserved 1056768K
  class space    used 611K, capacity 624K, committed 640K, reserved 1048576K
Event: 23.891 GC heap after
Heap after GC invocations=44 (full 7):
 PSYoungGen      total 208384K, used 63008K [0x00000000eab00000, 0x00000000ff480000, 0x0000000100000000)
  eden space 143360K, 0% used [0x00000000eab00000,0x00000000eab00000,0x00000000f3700000)
  from space 65024K, 96% used [0x00000000f3700000,0x00000000f74880c8,0x00000000f7680000)
  to   space 93184K, 0% used [0x00000000f9980000,0x00000000f9980000,0x00000000ff480000)
 ParOldGen       total 345600K, used 292145K [0x00000000c0000000, 0x00000000d5180000, 0x00000000eab00000)
  object space 345600K, 84% used [0x00000000c0000000,0x00000000d1d4c548,0x00000000d5180000)
 Metaspace       used 6172K, capacity 7096K, committed 7296K, reserved 1056768K
  class space    used 611K, capacity 624K, committed 640K, reserved 1048576K
}

