# JRE version: Java(TM) SE Runtime Environment (8.0_05-b13) (build 1.8.0_05-b13)
# Java VM: Java HotSpot(TM) 64-Bit Server VM (25.5-b02 mixed mode windows-amd64 compressed oops)
Heap:
 PSYoungGen      total 232960K, used 63109K [0x00000000eab00000, 0x0000000100000000, 0x0000000100000000)
  eden space 116736K, 5% used [0x00000000eab00000,0x00000000eb14e558,0x00000000f1d00000)
  from space 116224K, 48% used [0x00000000f1d00000,0x00000000f5453020,0x00000000f8e80000)
  to   space 116224K, 0% used [0x00000000f8e80000,0x00000000f8e80000,0x0000000100000000)
 ParOldGen       total 345088K, used 289220K [0x00000000c0000000, 0x00000000d5100000, 0x00000000eab00000)
  object space 345088K, 83% used [0x00000000c0000000,0x00000000d1a71350,0x00000000d5100000)
 Metaspace       used 6190K, capacity 7096K, committed 7296K, reserved 1056768K
  class space    used 613K, capacity 624K, committed 640K, reserved 1048576K
GC Heap History (10 events):
Event: 18.834 GC heap before
{Heap before GC invocations=42 (full 5):
 PSYoungGen      total 225280K, used 223333K [0x00000000eab00000, 0x0000000100000000, 0x0000000100000000)
  eden space 131072K, 100% used [0x00000000eab00000,0x00000000f2b00000,0x00000000f2b00000)
  from space 94208K, 97% used [0x00000000f9d00000,0x00000000ff7194a0,0x00000000ff900000)
  to   space 109056K, 0% used [0x00000000f2b00000,0x00000000f2b00000,0x00000000f9580000)
 ParOldGen       total 242688K, used 199041K [0x00000000c0000000, 0x00000000ced00000, 0x00000000eab00000)
  object space 242688K, 82% used [0x00000000c0000000,0x00000000cc260548,0x00000000ced00000)
 Metaspace       used 6188K, capacity 7096K, committed 7296K, reserved 1056768K
  class space    used 613K, capacity 624K, committed 640K, reserved 1048576K
Event: 18.977 GC heap after
Heap after GC invocations=42 (full 5):
 PSYoungGen      total 240128K, used 109042K [0x00000000eab00000, 0x0000000100000000, 0x0000000100000000)
  eden space 131072K, 0% used [0x00000000eab00000,0x00000000eab00000,0x00000000f2b00000)
  from space 109056K, 99% used [0x00000000f2b00000,0x00000000f957c9d0,0x00000000f9580000)
  to   space 109056K, 0% used [0x00000000f9580000,0x00000000f9580000,0x0000000100000000)
 ParOldGen       total 242688K, used 202113K [0x00000000c0000000, 0x00000000ced00000, 0x00000000eab00000)
  object space 242688K, 83% used [0x00000000c0000000,0x00000000cc560778,0x00000000ced00000)
 Metaspace       used 6188K, capacity 7096K, committed 7296K, reserved 1056768K
  class space    used 613K, capacity 624K, committed 640K, reserved 1048576K
}
Event: 19.354 GC heap before
{Heap before GC invocations=43 (full 5):
 PSYoungGen      total 240128K, used 240114K [0x00000000eab00000, 0x0000000100000000, 0x0000000100000000)
  eden space 131072K, 100% used [0x00000000eab00000,0x00000000f2b00000,0x00000000f2b00000)
  from space 109056K, 99% used [0x00000000f2b00000,0x00000000f957c9d0,0x00000000f9580000)
  to   space 109056K, 0% used [0x00000000f9580000,0x00000000f9580000,0x0000000100000000)
 ParOldGen       total 242688K, used 202113K [0x00000000c0000000, 0x00000000ced00000, 0x00000000eab00000)
  object space 242688K, 83% used [0x00000000c0000000,0x00000000cc560778,0x00000000ced00000)
 Metaspace       used 6190K, capacity 7096K, committed 7296K, reserved 1056768K
  class space    used 613K, capacity 624K, committed 640K, reserved 1048576K
Event: 19.549 GC heap after
Heap after GC invocations=43 (full 5):
 PSYoungGen      total 225792K, used 105665K [0x00000000eab00000, 0x0000000100000000, 0x0000000100000000)
  eden space 116736K, 0% used [0x00000000eab00000,0x00000000eab00000,0x00000000f1d00000)
  from space 109056K, 96% used [0x00000000f9580000,0x00000000ffcb0758,0x0000000100000000)
  to   space 116224K, 0% used [0x00000000f1d00000,0x00000000f1d00000,0x00000000f8e80000)
 ParOldGen       total 242688K, used 226533K [0x00000000c0000000, 0x00000000ced00000, 0x00000000eab00000)
  object space 242688K, 93% used [0x00000000c0000000,0x00000000cdd397c8,0x00000000ced00000)
 Metaspace       used 6190K, capacity 7096K, committed 7296K, reserved 1056768K
  class space    used 613K, capacity 624K, committed 640K, reserved 1048576K
}
Event: 19.549 GC heap before
{Heap before GC invocations=44 (full 6):
 PSYoungGen      total 225792K, used 105665K [0x00000000eab00000, 0x0000000100000000, 0x0000000100000000)
  eden space 116736K, 0% used [0x00000000eab00000,0x00000000eab00000,0x00000000f1d00000)
  from space 109056K, 96% used [0x00000000f9580000,0x00000000ffcb0758,0x0000000100000000)
  to   space 116224K, 0% used [0x00000000f1d00000,0x00000000f1d00000,0x00000000f8e80000)
 ParOldGen       total 242688K, used 226533K [0x00000000c0000000, 0x00000000ced00000, 0x00000000eab00000)
  object space 242688K, 93% used [0x00000000c0000000,0x00000000cdd397c8,0x00000000ced00000)
 Metaspace       used 6190K, capacity 7096K, committed 7296K, reserved 1056768K
  class space    used 613K, capacity 624K, committed 640K, reserved 1048576K
Event: 21.466 GC heap after
Heap after GC invocations=44 (full 6):
 PSYoungGen      total 225792K, used 86869K [0x00000000eab00000, 0x0000000100000000, 0x0000000100000000)
  eden space 116736K, 0% used [0x00000000eab00000,0x00000000eab00000,0x00000000f1d00000)
  from space 109056K, 79% used [0x00000000f9580000,0x00000000fea55690,0x0000000100000000)
  to   space 116224K, 0% used [0x00000000f1d00000,0x00000000f1d00000,0x00000000f8e80000)
 ParOldGen       total 289280K, used 242557K [0x00000000c0000000, 0x00000000d1a80000, 0x00000000eab00000)
  object space 289280K, 83% used [0x00000000c0000000,0x00000000cecdf510,0x00000000d1a80000)
 Metaspace       used 6190K, capacity 7096K, committed 7296K, reserved 1056768K
  class space    used 613K, capacity 624K, committed 640K, reserved 1048576K
}
Event: 21.896 GC heap before
{Heap before GC invocations=45 (full 6):
 PSYoungGen      total 225792K, used 203605K [0x00000000eab00000, 0x0000000100000000, 0x0000000100000000)
  eden space 116736K, 100% used [0x00000000eab00000,0x00000000f1d00000,0x00000000f1d00000)
  from space 109056K, 79% used [0x00000000f9580000,0x00000000fea55690,0x0000000100000000)
  to   space 116224K, 0% used [0x00000000f1d00000,0x00000000f1d00000,0x00000000f8e80000)
 ParOldGen       total 289280K, used 242557K [0x00000000c0000000, 0x00000000d1a80000, 0x00000000eab00000)
  object space 289280K, 83% used [0x00000000c0000000,0x00000000cecdf510,0x00000000d1a80000)
 Metaspace       used 6190K, capacity 7096K, committed 7296K, reserved 1056768K
  class space    used 613K, capacity 624K, committed 640K, reserved 1048576K
Event: 22.147 GC heap after
Heap after GC invocations=45 (full 6):
 PSYoungGen      total 232960K, used 71212K [0x00000000eab00000, 0x0000000100000000, 0x0000000100000000)
  eden space 116736K, 0% used [0x00000000eab00000,0x00000000eab00000,0x00000000f1d00000)
  from space 116224K, 61% used [0x00000000f1d00000,0x00000000f628b020,0x00000000f8e80000)
  to   space 116224K, 0% used [0x00000000f8e80000,0x00000000f8e80000,0x0000000100000000)
 ParOldGen       total 289280K, used 275238K [0x00000000c0000000, 0x00000000d1a80000, 0x00000000eab00000)
  object space 289280K, 95% used [0x00000000c0000000,0x00000000d0cc9b58,0x00000000d1a80000)
 Metaspace       used 6190K, capacity 7096K, committed 7296K, reserved 1056768K
  class space    used 613K, capacity 624K, committed 640K, reserved 1048576K
}
Event: 22.147 GC heap before
{Heap before GC invocations=46 (full 7):
 PSYoungGen      total 232960K, used 71212K [0x00000000eab00000, 0x0000000100000000, 0x0000000100000000)
  eden space 116736K, 0% used [0x00000000eab00000,0x00000000eab00000,0x00000000f1d00000)
  from space 116224K, 61% used [0x00000000f1d00000,0x00000000f628b020,0x00000000f8e80000)
  to   space 116224K, 0% used [0x00000000f8e80000,0x00000000f8e80000,0x0000000100000000)
 ParOldGen       total 289280K, used 275238K [0x00000000c0000000, 0x00000000d1a80000, 0x00000000eab00000)
  object space 289280K, 95% used [0x00000000c0000000,0x00000000d0cc9b58,0x00000000d1a80000)
 Metaspace       used 6190K, capacity 7096K, committed 7296K, reserved 1056768K
  class space    used 613K, capacity 624K, committed 640K, reserved 1048576K
Event: 24.147 GC heap after
Heap after GC invocations=46 (full 7):
 PSYoungGen      total 232960K, used 56652K [0x00000000eab00000, 0x0000000100000000, 0x0000000100000000)
  eden space 116736K, 0% used [0x00000000eab00000,0x00000000eab00000,0x00000000f1d00000)
  from space 116224K, 48% used [0x00000000f1d00000,0x00000000f5453020,0x00000000f8e80000)
  to   space 116224K, 0% used [0x00000000f8e80000,0x00000000f8e80000,0x0000000100000000)
 ParOldGen       total 345088K, used 289220K [0x00000000c0000000, 0x00000000d5100000, 0x00000000eab00000)
  object space 345088K, 83% used [0x00000000c0000000,0x00000000d1a71350,0x00000000d5100000)
 Metaspace       used 6190K, capacity 7096K, committed 7296K, reserved 1056768K
  class space    used 613K, capacity 624K, committed 640K, reserved 1048576K
}

