# JRE version: Java(TM) SE Runtime Environment (8.0_05-b13) (build 1.8.0_05-b13)
# Java VM: Java HotSpot(TM) 64-Bit Server VM (25.5-b02 mixed mode windows-amd64 compressed oops)
Heap:
 PSYoungGen      total 246784K, used 34454K [0x00000000eab00000, 0x00000000fd900000, 0x0000000100000000)
  eden space 186880K, 0% used [0x00000000eab00000,0x00000000eac82758,0x00000000f6180000)
  from space 59904K, 54% used [0x00000000f9c80000,0x00000000fbca3178,0x00000000fd700000)
  to   space 60416K, 0% used [0x00000000f6180000,0x00000000f6180000,0x00000000f9c80000)
 ParOldGen       total 279040K, used 278845K [0x00000000c0000000, 0x00000000d1080000, 0x00000000eab00000)
  object space 279040K, 99% used [0x00000000c0000000,0x00000000d104f538,0x00000000d1080000)
 Metaspace       used 6181K, capacity 7096K, committed 7296K, reserved 1056768K
  class space    used 613K, capacity 624K, committed 640K, reserved 1048576K
GC Heap History (10 events):
Event: 13.364 GC heap before
{Heap before GC invocations=35 (full 5):
 PSYoungGen      total 214016K, used 214010K [0x00000000eab00000, 0x00000000fbc80000, 0x0000000100000000)
  eden space 171520K, 100% used [0x00000000eab00000,0x00000000f5280000,0x00000000f5280000)
  from space 42496K, 99% used [0x00000000f5280000,0x00000000f7bfe988,0x00000000f7c00000)
  to   space 50688K, 0% used [0x00000000f8b00000,0x00000000f8b00000,0x00000000fbc80000)
 ParOldGen       total 209920K, used 182614K [0x00000000c0000000, 0x00000000ccd00000, 0x00000000eab00000)
  object space 209920K, 86% used [0x00000000c0000000,0x00000000cb255a50,0x00000000ccd00000)
 Metaspace       used 6175K, capacity 7096K, committed 7296K, reserved 1056768K
  class space    used 612K, capacity 624K, committed 640K, reserved 1048576K
Event: 13.481 GC heap after
Heap after GC invocations=35 (full 5):
 PSYoungGen      total 229376K, used 28448K [0x00000000eab00000, 0x00000000fbe00000, 0x0000000100000000)
  eden space 178688K, 0% used [0x00000000eab00000,0x00000000eab00000,0x00000000f5980000)
  from space 50688K, 56% used [0x00000000f8b00000,0x00000000fa6c8010,0x00000000fbc80000)
  to   space 50688K, 0% used [0x00000000f5980000,0x00000000f5980000,0x00000000f8b00000)
 ParOldGen       total 226816K, used 225299K [0x00000000c0000000, 0x00000000cdd80000, 0x00000000eab00000)
  object space 226816K, 99% used [0x00000000c0000000,0x00000000cdc04e48,0x00000000cdd80000)
 Metaspace       used 6175K, capacity 7096K, committed 7296K, reserved 1056768K
  class space    used 612K, capacity 624K, committed 640K, reserved 1048576K
}
Event: 13.481 GC heap before
{Heap before GC invocations=36 (full 6):
 PSYoungGen      total 229376K, used 28448K [0x00000000eab00000, 0x00000000fbe00000, 0x0000000100000000)
  eden space 178688K, 0% used [0x00000000eab00000,0x00000000eab00000,0x00000000f5980000)
  from space 50688K, 56% used [0x00000000f8b00000,0x00000000fa6c8010,0x00000000fbc80000)
  to   space 50688K, 0% used [0x00000000f5980000,0x00000000f5980000,0x00000000f8b00000)
 ParOldGen       total 226816K, used 225299K [0x00000000c0000000, 0x00000000cdd80000, 0x00000000eab00000)
  object space 226816K, 99% used [0x00000000c0000000,0x00000000cdc04e48,0x00000000cdd80000)
 Metaspace       used 6175K, capacity 7096K, committed 7296K, reserved 1056768K
  class space    used 612K, capacity 624K, committed 640K, reserved 1048576K
Event: 14.777 GC heap after
Heap after GC invocations=36 (full 6):
 PSYoungGen      total 229376K, used 25203K [0x00000000eab00000, 0x00000000fbe00000, 0x0000000100000000)
  eden space 178688K, 0% used [0x00000000eab00000,0x00000000eab00000,0x00000000f5980000)
  from space 50688K, 49% used [0x00000000f8b00000,0x00000000fa39cc88,0x00000000fbc80000)
  to   space 50688K, 0% used [0x00000000f5980000,0x00000000f5980000,0x00000000f8b00000)
 ParOldGen       total 270848K, used 226650K [0x00000000c0000000, 0x00000000d0880000, 0x00000000eab00000)
  object space 270848K, 83% used [0x00000000c0000000,0x00000000cdd56a48,0x00000000d0880000)
 Metaspace       used 6175K, capacity 7096K, committed 7296K, reserved 1056768K
  class space    used 612K, capacity 624K, committed 640K, reserved 1048576K
}
Event: 15.356 GC heap before
{Heap before GC invocations=37 (full 6):
 PSYoungGen      total 229376K, used 203891K [0x00000000eab00000, 0x00000000fbe00000, 0x0000000100000000)
  eden space 178688K, 100% used [0x00000000eab00000,0x00000000f5980000,0x00000000f5980000)
  from space 50688K, 49% used [0x00000000f8b00000,0x00000000fa39cc88,0x00000000fbc80000)
  to   space 50688K, 0% used [0x00000000f5980000,0x00000000f5980000,0x00000000f8b00000)
 ParOldGen       total 270848K, used 226650K [0x00000000c0000000, 0x00000000d0880000, 0x00000000eab00000)
  object space 270848K, 83% used [0x00000000c0000000,0x00000000cdd56a48,0x00000000d0880000)
 Metaspace       used 6178K, capacity 7096K, committed 7296K, reserved 1056768K
  class space    used 612K, capacity 624K, committed 640K, reserved 1048576K
Event: 15.490 GC heap after
Heap after GC invocations=37 (full 6):
 PSYoungGen      total 229376K, used 50665K [0x00000000eab00000, 0x00000000fd700000, 0x0000000100000000)
  eden space 178688K, 0% used [0x00000000eab00000,0x00000000eab00000,0x00000000f5980000)
  from space 50688K, 99% used [0x00000000f5980000,0x00000000f8afa778,0x00000000f8b00000)
  to   space 59904K, 0% used [0x00000000f9c80000,0x00000000f9c80000,0x00000000fd700000)
 ParOldGen       total 270848K, used 228217K [0x00000000c0000000, 0x00000000d0880000, 0x00000000eab00000)
  object space 270848K, 84% used [0x00000000c0000000,0x00000000cdede4a8,0x00000000d0880000)
 Metaspace       used 6178K, capacity 7096K, committed 7296K, reserved 1056768K
  class space    used 612K, capacity 624K, committed 640K, reserved 1048576K
}
Event: 16.155 GC heap before
{Heap before GC invocations=38 (full 6):
 PSYoungGen      total 229376K, used 229353K [0x00000000eab00000, 0x00000000fd700000, 0x0000000100000000)
  eden space 178688K, 100% used [0x00000000eab00000,0x00000000f5980000,0x00000000f5980000)
  from space 50688K, 99% used [0x00000000f5980000,0x00000000f8afa778,0x00000000f8b00000)
  to   space 59904K, 0% used [0x00000000f9c80000,0x00000000f9c80000,0x00000000fd700000)
 ParOldGen       total 270848K, used 228217K [0x00000000c0000000, 0x00000000d0880000, 0x00000000eab00000)
  object space 270848K, 84% used [0x00000000c0000000,0x00000000cdede4a8,0x00000000d0880000)
 Metaspace       used 6181K, capacity 7096K, committed 7296K, reserved 1056768K
  class space    used 613K, capacity 624K, committed 640K, reserved 1048576K
Event: 16.261 GC heap after
Heap after GC invocations=38 (full 6):
 PSYoungGen      total 246784K, used 34630K [0x00000000eab00000, 0x00000000fd900000, 0x0000000100000000)
  eden space 186880K, 0% used [0x00000000eab00000,0x00000000eab00000,0x00000000f6180000)
  from space 59904K, 57% used [0x00000000f9c80000,0x00000000fbe51880,0x00000000fd700000)
  to   space 60416K, 0% used [0x00000000f6180000,0x00000000f6180000,0x00000000f9c80000)
 ParOldGen       total 279040K, used 278963K [0x00000000c0000000, 0x00000000d1080000, 0x00000000eab00000)
  object space 279040K, 99% used [0x00000000c0000000,0x00000000d106cc20,0x00000000d1080000)
 Metaspace       used 6181K, capacity 7096K, committed 7296K, reserved 1056768K
  class space    used 613K, capacity 624K, committed 640K, reserved 1048576K
}
Event: 16.261 GC heap before
{Heap before GC invocations=39 (full 7):
 PSYoungGen      total 246784K, used 34630K [0x00000000eab00000, 0x00000000fd900000, 0x0000000100000000)
  eden space 186880K, 0% used [0x00000000eab00000,0x00000000eab00000,0x00000000f6180000)
  from space 59904K, 57% used [0x00000000f9c80000,0x00000000fbe51880,0x00000000fd700000)
  to   space 60416K, 0% used [0x00000000f6180000,0x00000000f6180000,0x00000000f9c80000)
 ParOldGen       total 279040K, used 278963K [0x00000000c0000000, 0x00000000d1080000, 0x00000000eab00000)
  object space 279040K, 99% used [0x00000000c0000000,0x00000000d106cc20,0x00000000d1080000)
 Metaspace       used 6181K, capacity 7096K, committed 7296K, reserved 1056768K
  class space    used 613K, capacity 624K, committed 640K, reserved 1048576K
Event: 18.430 GC heap after
Heap after GC invocations=39 (full 7):
 PSYoungGen      total 246784K, used 32908K [0x00000000eab00000, 0x00000000fd900000, 0x0000000100000000)
  eden space 186880K, 0% used [0x00000000eab00000,0x00000000eab00000,0x00000000f6180000)
  from space 59904K, 54% used [0x00000000f9c80000,0x00000000fbca3178,0x00000000fd700000)
  to   space 60416K, 0% used [0x00000000f6180000,0x00000000f6180000,0x00000000f9c80000)
 ParOldGen       total 279040K, used 278845K [0x00000000c0000000, 0x00000000d1080000, 0x00000000eab00000)
  object space 279040K, 99% used [0x00000000c0000000,0x00000000d104f538,0x00000000d1080000)
 Metaspace       used 6181K, capacity 7096K, committed 7296K, reserved 1056768K
  class space    used 613K, capacity 624K, committed 640K, reserved 1048576K
}

