# JRE version: Java(TM) SE Runtime Environment (8.0_05-b13) (build 1.8.0_05-b13)
# Java VM: Java HotSpot(TM) 64-Bit Server VM (25.5-b02 mixed mode windows-amd64 compressed oops)
Heap:
 PSYoungGen      total 205824K, used 182576K [0x00000000eab00000, 0x00000000fb880000, 0x0000000100000000)
  eden space 143360K, 100% used [0x00000000eab00000,0x00000000f3700000,0x00000000f3700000)
  from space 62464K, 62% used [0x00000000f7b80000,0x00000000fa1cc140,0x00000000fb880000)
  to   space 61440K, 99% used [0x00000000f3700000,0x00000000f72fdd90,0x00000000f7300000)
 ParOldGen       total 283648K, used 252806K [0x00000000c0000000, 0x00000000d1500000, 0x00000000eab00000)
  object space 283648K, 89% used [0x00000000c0000000,0x00000000cf6e5bd8,0x00000000d1500000)
 Metaspace       used 6157K, capacity 7096K, committed 7296K, reserved 1056768K
  class space    used 612K, capacity 624K, committed 640K, reserved 1048576K
GC Heap History (10 events):
Event: 15.261 GC heap before
{Heap before GC invocations=35 (full 5):
 PSYoungGen      total 193536K, used 188398K [0x00000000eab00000, 0x00000000fa200000, 0x0000000100000000)
  eden space 150528K, 100% used [0x00000000eab00000,0x00000000f3e00000,0x00000000f3e00000)
  from space 43008K, 88% used [0x00000000f3e00000,0x00000000f62fba60,0x00000000f6800000)
  to   space 48128K, 0% used [0x00000000f7300000,0x00000000f7300000,0x00000000fa200000)
 ParOldGen       total 209408K, used 178754K [0x00000000c0000000, 0x00000000ccc80000, 0x00000000eab00000)
  object space 209408K, 85% used [0x00000000c0000000,0x00000000cae90870,0x00000000ccc80000)
 Metaspace       used 6149K, capacity 7096K, committed 7296K, reserved 1056768K
  class space    used 612K, capacity 624K, committed 640K, reserved 1048576K
Event: 15.512 GC heap after
Heap after GC invocations=35 (full 5):
 PSYoungGen      total 191488K, used 48122K [0x00000000eab00000, 0x00000000fbf00000, 0x0000000100000000)
  eden space 143360K, 0% used [0x00000000eab00000,0x00000000eab00000,0x00000000f3700000)
  from space 48128K, 99% used [0x00000000f7300000,0x00000000fa1fe998,0x00000000fa200000)
  to   space 61440K, 0% used [0x00000000f3700000,0x00000000f3700000,0x00000000f7300000)
 ParOldGen       total 209408K, used 192289K [0x00000000c0000000, 0x00000000ccc80000, 0x00000000eab00000)
  object space 209408K, 91% used [0x00000000c0000000,0x00000000cbbc8558,0x00000000ccc80000)
 Metaspace       used 6149K, capacity 7096K, committed 7296K, reserved 1056768K
  class space    used 612K, capacity 624K, committed 640K, reserved 1048576K
}
Event: 15.512 GC heap before
{Heap before GC invocations=36 (full 6):
 PSYoungGen      total 191488K, used 48122K [0x00000000eab00000, 0x00000000fbf00000, 0x0000000100000000)
  eden space 143360K, 0% used [0x00000000eab00000,0x00000000eab00000,0x00000000f3700000)
  from space 48128K, 99% used [0x00000000f7300000,0x00000000fa1fe998,0x00000000fa200000)
  to   space 61440K, 0% used [0x00000000f3700000,0x00000000f3700000,0x00000000f7300000)
 ParOldGen       total 209408K, used 192289K [0x00000000c0000000, 0x00000000ccc80000, 0x00000000eab00000)
  object space 209408K, 91% used [0x00000000c0000000,0x00000000cbbc8558,0x00000000ccc80000)
 Metaspace       used 6149K, capacity 7096K, committed 7296K, reserved 1056768K
  class space    used 612K, capacity 624K, committed 640K, reserved 1048576K
Event: 17.249 GC heap after
Heap after GC invocations=36 (full 6):
 PSYoungGen      total 191488K, used 30618K [0x00000000eab00000, 0x00000000fbf00000, 0x0000000100000000)
  eden space 143360K, 0% used [0x00000000eab00000,0x00000000eab00000,0x00000000f3700000)
  from space 48128K, 63% used [0x00000000f7300000,0x00000000f90e6a40,0x00000000fa200000)
  to   space 61440K, 0% used [0x00000000f3700000,0x00000000f3700000,0x00000000f7300000)
 ParOldGen       total 244224K, used 209233K [0x00000000c0000000, 0x00000000cee80000, 0x00000000eab00000)
  object space 244224K, 85% used [0x00000000c0000000,0x00000000ccc54400,0x00000000cee80000)
 Metaspace       used 6149K, capacity 7096K, committed 7296K, reserved 1056768K
  class space    used 612K, capacity 624K, committed 640K, reserved 1048576K
}
Event: 18.210 GC heap before
{Heap before GC invocations=37 (full 6):
 PSYoungGen      total 191488K, used 173978K [0x00000000eab00000, 0x00000000fbf00000, 0x0000000100000000)
  eden space 143360K, 100% used [0x00000000eab00000,0x00000000f3700000,0x00000000f3700000)
  from space 48128K, 63% used [0x00000000f7300000,0x00000000f90e6a40,0x00000000fa200000)
  to   space 61440K, 0% used [0x00000000f3700000,0x00000000f3700000,0x00000000f7300000)
 ParOldGen       total 244224K, used 209233K [0x00000000c0000000, 0x00000000cee80000, 0x00000000eab00000)
  object space 244224K, 85% used [0x00000000c0000000,0x00000000ccc54400,0x00000000cee80000)
 Metaspace       used 6155K, capacity 7096K, committed 7296K, reserved 1056768K
  class space    used 612K, capacity 624K, committed 640K, reserved 1048576K
Event: 18.402 GC heap after
Heap after GC invocations=37 (full 6):
 PSYoungGen      total 204800K, used 36680K [0x00000000eab00000, 0x00000000fb880000, 0x0000000100000000)
  eden space 143360K, 0% used [0x00000000eab00000,0x00000000eab00000,0x00000000f3700000)
  from space 61440K, 59% used [0x00000000f3700000,0x00000000f5ad22e0,0x00000000f7300000)
  to   space 62464K, 0% used [0x00000000f7b80000,0x00000000f7b80000,0x00000000fb880000)
 ParOldGen       total 244224K, used 226727K [0x00000000c0000000, 0x00000000cee80000, 0x00000000eab00000)
  object space 244224K, 92% used [0x00000000c0000000,0x00000000cdd69d70,0x00000000cee80000)
 Metaspace       used 6155K, capacity 7096K, committed 7296K, reserved 1056768K
  class space    used 612K, capacity 624K, committed 640K, reserved 1048576K
}
Event: 18.402 GC heap before
{Heap before GC invocations=38 (full 7):
 PSYoungGen      total 204800K, used 36680K [0x00000000eab00000, 0x00000000fb880000, 0x0000000100000000)
  eden space 143360K, 0% used [0x00000000eab00000,0x00000000eab00000,0x00000000f3700000)
  from space 61440K, 59% used [0x00000000f3700000,0x00000000f5ad22e0,0x00000000f7300000)
  to   space 62464K, 0% used [0x00000000f7b80000,0x00000000f7b80000,0x00000000fb880000)
 ParOldGen       total 244224K, used 226727K [0x00000000c0000000, 0x00000000cee80000, 0x00000000eab00000)
  object space 244224K, 92% used [0x00000000c0000000,0x00000000cdd69d70,0x00000000cee80000)
 Metaspace       used 6155K, capacity 7096K, committed 7296K, reserved 1056768K
  class space    used 612K, capacity 624K, committed 640K, reserved 1048576K
Event: 20.514 GC heap after
Heap after GC invocations=38 (full 7):
 PSYoungGen      total 204800K, used 18103K [0x00000000eab00000, 0x00000000fb880000, 0x0000000100000000)
  eden space 143360K, 0% used [0x00000000eab00000,0x00000000eab00000,0x00000000f3700000)
  from space 61440K, 29% used [0x00000000f3700000,0x00000000f48adf38,0x00000000f7300000)
  to   space 62464K, 0% used [0x00000000f7b80000,0x00000000f7b80000,0x00000000fb880000)
 ParOldGen       total 283648K, used 243935K [0x00000000c0000000, 0x00000000d1500000, 0x00000000eab00000)
  object space 283648K, 85% used [0x00000000c0000000,0x00000000cee37d18,0x00000000d1500000)
 Metaspace       used 6155K, capacity 7096K, committed 7296K, reserved 1056768K
  class space    used 612K, capacity 624K, committed 640K, reserved 1048576K
}
Event: 21.086 GC heap before
{Heap before GC invocations=39 (full 7):
 PSYoungGen      total 204800K, used 161463K [0x00000000eab00000, 0x00000000fb880000, 0x0000000100000000)
  eden space 143360K, 100% used [0x00000000eab00000,0x00000000f3700000,0x00000000f3700000)
  from space 61440K, 29% used [0x00000000f3700000,0x00000000f48adf38,0x00000000f7300000)
  to   space 62464K, 0% used [0x00000000f7b80000,0x00000000f7b80000,0x00000000fb880000)
 ParOldGen       total 283648K, used 243935K [0x00000000c0000000, 0x00000000d1500000, 0x00000000eab00000)
  object space 283648K, 85% used [0x00000000c0000000,0x00000000cee37d18,0x00000000d1500000)
 Metaspace       used 6157K, capacity 7096K, committed 7296K, reserved 1056768K
  class space    used 612K, capacity 624K, committed 640K, reserved 1048576K
Event: 21.292 GC heap after
Heap after GC invocations=39 (full 7):
 PSYoungGen      total 205824K, used 39216K [0x00000000eab00000, 0x00000000fb880000, 0x0000000100000000)
  eden space 143360K, 0% used [0x00000000eab00000,0x00000000eab00000,0x00000000f3700000)
  from space 62464K, 62% used [0x00000000f7b80000,0x00000000fa1cc140,0x00000000fb880000)
  to   space 61440K, 0% used [0x00000000f3700000,0x00000000f3700000,0x00000000f7300000)
 ParOldGen       total 283648K, used 243943K [0x00000000c0000000, 0x00000000d1500000, 0x00000000eab00000)
  object space 283648K, 86% used [0x00000000c0000000,0x00000000cee39d18,0x00000000d1500000)
 Metaspace       used 6157K, capacity 7096K, committed 7296K, reserved 1056768K
  class space    used 612K, capacity 624K, committed 640K, reserved 1048576K
}

