# JRE version: Java(TM) SE Runtime Environment (8.0_05-b13) (build 1.8.0_05-b13)
# Java VM: Java HotSpot(TM) 64-Bit Server VM (25.5-b02 mixed mode windows-amd64 compressed oops)
Heap:
 PSYoungGen      total 232960K, used 215650K [0x00000000eab00000, 0x0000000100000000, 0x0000000100000000)
  eden space 116736K, 100% used [0x00000000eab00000,0x00000000f1d00000,0x00000000f1d00000)
  from space 116224K, 85% used [0x00000000f1d00000,0x00000000f7d988d8,0x00000000f8e80000)
  to   space 116224K, 13% used [0x00000000f8e80000,0x00000000f9e43c28,0x0000000100000000)
 ParOldGen       total 549888K, used 499841K [0x00000000c0000000, 0x00000000e1900000, 0x00000000eab00000)
  object space 549888K, 90% used [0x00000000c0000000,0x00000000de822748,0x00000000e1900000)
 Metaspace       used 6189K, capacity 7096K, committed 7296K, reserved 1056768K
  class space    used 614K, capacity 624K, committed 640K, reserved 1048576K
GC Heap History (10 events):
Event: 40.051 GC heap after
Heap after GC invocations=51 (full 10):
 PSYoungGen      total 159232K, used 40665K [0x00000000eab00000, 0x00000000ff580000, 0x0000000100000000)
  eden space 118272K, 0% used [0x00000000eab00000,0x00000000eab00000,0x00000000f1e80000)
  from space 40960K, 99% used [0x00000000f1e80000,0x00000000f4636708,0x00000000f4680000)
  to   space 110080K, 0% used [0x00000000f8a00000,0x00000000f8a00000,0x00000000ff580000)
 ParOldGen       total 549888K, used 471221K [0x00000000c0000000, 0x00000000e1900000, 0x00000000eab00000)
  object space 549888K, 85% used [0x00000000c0000000,0x00000000dcc2d610,0x00000000e1900000)
 Metaspace       used 6188K, capacity 7096K, committed 7296K, reserved 1056768K
  class space    used 614K, capacity 624K, committed 640K, reserved 1048576K
}
Event: 40.487 GC heap before
{Heap before GC invocations=52 (full 10):
 PSYoungGen      total 159232K, used 158937K [0x00000000eab00000, 0x00000000ff580000, 0x0000000100000000)
  eden space 118272K, 100% used [0x00000000eab00000,0x00000000f1e80000,0x00000000f1e80000)
  from space 40960K, 99% used [0x00000000f1e80000,0x00000000f4636708,0x00000000f4680000)
  to   space 110080K, 0% used [0x00000000f8a00000,0x00000000f8a00000,0x00000000ff580000)
 ParOldGen       total 549888K, used 471221K [0x00000000c0000000, 0x00000000e1900000, 0x00000000eab00000)
  object space 549888K, 85% used [0x00000000c0000000,0x00000000dcc2d610,0x00000000e1900000)
 Metaspace       used 6188K, capacity 7096K, committed 7296K, reserved 1056768K
  class space    used 614K, capacity 624K, committed 640K, reserved 1048576K
Event: 40.633 GC heap after
Heap after GC invocations=52 (full 10):
 PSYoungGen      total 230912K, used 58502K [0x00000000eab00000, 0x00000000ff680000, 0x0000000100000000)
  eden space 120832K, 0% used [0x00000000eab00000,0x00000000eab00000,0x00000000f2100000)
  from space 110080K, 53% used [0x00000000f8a00000,0x00000000fc3219f0,0x00000000ff580000)
  to   space 107520K, 0% used [0x00000000f2100000,0x00000000f2100000,0x00000000f8a00000)
 ParOldGen       total 549888K, used 471221K [0x00000000c0000000, 0x00000000e1900000, 0x00000000eab00000)
  object space 549888K, 85% used [0x00000000c0000000,0x00000000dcc2d610,0x00000000e1900000)
 Metaspace       used 6188K, capacity 7096K, committed 7296K, reserved 1056768K
  class space    used 614K, capacity 624K, committed 640K, reserved 1048576K
}
Event: 41.124 GC heap before
{Heap before GC invocations=53 (full 10):
 PSYoungGen      total 230912K, used 179334K [0x00000000eab00000, 0x00000000ff680000, 0x0000000100000000)
  eden space 120832K, 100% used [0x00000000eab00000,0x00000000f2100000,0x00000000f2100000)
  from space 110080K, 53% used [0x00000000f8a00000,0x00000000fc3219f0,0x00000000ff580000)
  to   space 107520K, 0% used [0x00000000f2100000,0x00000000f2100000,0x00000000f8a00000)
 ParOldGen       total 549888K, used 471221K [0x00000000c0000000, 0x00000000e1900000, 0x00000000eab00000)
  object space 549888K, 85% used [0x00000000c0000000,0x00000000dcc2d610,0x00000000e1900000)
 Metaspace       used 6188K, capacity 7096K, committed 7296K, reserved 1056768K
  class space    used 614K, capacity 624K, committed 640K, reserved 1048576K
Event: 41.274 GC heap after
Heap after GC invocations=53 (full 10):
 PSYoungGen      total 228352K, used 78886K [0x00000000eab00000, 0x0000000100000000, 0x0000000100000000)
  eden space 120832K, 0% used [0x00000000eab00000,0x00000000eab00000,0x00000000f2100000)
  from space 107520K, 73% used [0x00000000f2100000,0x00000000f6e098f8,0x00000000f8a00000)
  to   space 112128K, 0% used [0x00000000f9280000,0x00000000f9280000,0x0000000100000000)
 ParOldGen       total 549888K, used 471221K [0x00000000c0000000, 0x00000000e1900000, 0x00000000eab00000)
  object space 549888K, 85% used [0x00000000c0000000,0x00000000dcc2d610,0x00000000e1900000)
 Metaspace       used 6188K, capacity 7096K, committed 7296K, reserved 1056768K
  class space    used 614K, capacity 624K, committed 640K, reserved 1048576K
}
Event: 41.606 GC heap before
{Heap before GC invocations=54 (full 10):
 PSYoungGen      total 228352K, used 199718K [0x00000000eab00000, 0x0000000100000000, 0x0000000100000000)
  eden space 120832K, 100% used [0x00000000eab00000,0x00000000f2100000,0x00000000f2100000)
  from space 107520K, 73% used [0x00000000f2100000,0x00000000f6e098f8,0x00000000f8a00000)
  to   space 112128K, 0% used [0x00000000f9280000,0x00000000f9280000,0x0000000100000000)
 ParOldGen       total 549888K, used 471221K [0x00000000c0000000, 0x00000000e1900000, 0x00000000eab00000)
  object space 549888K, 85% used [0x00000000c0000000,0x00000000dcc2d610,0x00000000e1900000)
 Metaspace       used 6189K, capacity 7096K, committed 7296K, reserved 1056768K
  class space    used 614K, capacity 624K, committed 640K, reserved 1048576K
Event: 41.787 GC heap after
Heap after GC invocations=54 (full 10):
 PSYoungGen      total 228864K, used 97040K [0x00000000eab00000, 0x0000000100000000, 0x0000000100000000)
  eden space 116736K, 0% used [0x00000000eab00000,0x00000000eab00000,0x00000000f1d00000)
  from space 112128K, 86% used [0x00000000f9280000,0x00000000ff144308,0x0000000100000000)
  to   space 116224K, 0% used [0x00000000f1d00000,0x00000000f1d00000,0x00000000f8e80000)
 ParOldGen       total 549888K, used 471221K [0x00000000c0000000, 0x00000000e1900000, 0x00000000eab00000)
  object space 549888K, 85% used [0x00000000c0000000,0x00000000dcc2d610,0x00000000e1900000)
 Metaspace       used 6189K, capacity 7096K, committed 7296K, reserved 1056768K
  class space    used 614K, capacity 624K, committed 640K, reserved 1048576K
}
Event: 42.287 GC heap before
{Heap before GC invocations=55 (full 10):
 PSYoungGen      total 228864K, used 213776K [0x00000000eab00000, 0x0000000100000000, 0x0000000100000000)
  eden space 116736K, 100% used [0x00000000eab00000,0x00000000f1d00000,0x00000000f1d00000)
  from space 112128K, 86% used [0x00000000f9280000,0x00000000ff144308,0x0000000100000000)
  to   space 116224K, 0% used [0x00000000f1d00000,0x00000000f1d00000,0x00000000f8e80000)
 ParOldGen       total 549888K, used 471221K [0x00000000c0000000, 0x00000000e1900000, 0x00000000eab00000)
  object space 549888K, 85% used [0x00000000c0000000,0x00000000dcc2d610,0x00000000e1900000)
 Metaspace       used 6189K, capacity 7096K, committed 7296K, reserved 1056768K
  class space    used 614K, capacity 624K, committed 640K, reserved 1048576K
Event: 42.497 GC heap after
Heap after GC invocations=55 (full 10):
 PSYoungGen      total 232960K, used 98914K [0x00000000eab00000, 0x0000000100000000, 0x0000000100000000)
  eden space 116736K, 0% used [0x00000000eab00000,0x00000000eab00000,0x00000000f1d00000)
  from space 116224K, 85% used [0x00000000f1d00000,0x00000000f7d988d8,0x00000000f8e80000)
  to   space 116224K, 0% used [0x00000000f8e80000,0x00000000f8e80000,0x0000000100000000)
 ParOldGen       total 549888K, used 487366K [0x00000000c0000000, 0x00000000e1900000, 0x00000000eab00000)
  object space 549888K, 88% used [0x00000000c0000000,0x00000000ddbf1a40,0x00000000e1900000)
 Metaspace       used 6189K, capacity 7096K, committed 7296K, reserved 1056768K
  class space    used 614K, capacity 624K, committed 640K, reserved 1048576K
}
Event: 43.029 GC heap before
{Heap before GC invocations=56 (full 10):
 PSYoungGen      total 232960K, used 215650K [0x00000000eab00000, 0x0000000100000000, 0x0000000100000000)
  eden space 116736K, 100% used [0x00000000eab00000,0x00000000f1d00000,0x00000000f1d00000)
  from space 116224K, 85% used [0x00000000f1d00000,0x00000000f7d988d8,0x00000000f8e80000)
  to   space 116224K, 0% used [0x00000000f8e80000,0x00000000f8e80000,0x0000000100000000)
 ParOldGen       total 549888K, used 487366K [0x00000000c0000000, 0x00000000e1900000, 0x00000000eab00000)
  object space 549888K, 88% used [0x00000000c0000000,0x00000000ddbf1a40,0x00000000e1900000)
 Metaspace       used 6189K, capacity 7096K, committed 7296K, reserved 1056768K
  class space    used 614K, capacity 624K, committed 640K, reserved 1048576K

