# JRE version: Java(TM) SE Runtime Environment (8.0_05-b13) (build 1.8.0_05-b13)
# Java VM: Java HotSpot(TM) 64-Bit Server VM (25.5-b02 mixed mode windows-amd64 compressed oops)
Heap:
 PSYoungGen      total 224256K, used 82805K [0x00000000eab00000, 0x0000000100000000, 0x0000000100000000)
  eden space 136192K, 0% used [0x00000000eab00000,0x00000000eab00000,0x00000000f3000000)
  from space 88064K, 94% used [0x00000000faa00000,0x00000000ffadd6a8,0x0000000100000000)
  to   space 106496K, 0% used [0x00000000f3000000,0x00000000f3000000,0x00000000f9800000)
 ParOldGen       total 423936K, used 373958K [0x00000000c0000000, 0x00000000d9e00000, 0x00000000eab00000)
  object space 423936K, 88% used [0x00000000c0000000,0x00000000d6d31940,0x00000000d9e00000)
 Metaspace       used 6169K, capacity 7096K, committed 7296K, reserved 1056768K
  class space    used 613K, capacity 624K, committed 640K, reserved 1048576K
GC Heap History (10 events):
Event: 27.826 GC heap after
Heap after GC invocations=43 (full 9):
 PSYoungGen      total 268288K, used 0K [0x00000000eab00000, 0x0000000100000000, 0x0000000100000000)
  eden space 184832K, 0% used [0x00000000eab00000,0x00000000eab00000,0x00000000f5f80000)
  from space 83456K, 0% used [0x00000000fae80000,0x00000000fae80000,0x0000000100000000)
  to   space 80896K, 0% used [0x00000000f5f80000,0x00000000f5f80000,0x00000000fae80000)
 ParOldGen       total 423936K, used 343490K [0x00000000c0000000, 0x00000000d9e00000, 0x00000000eab00000)
  object space 423936K, 81% used [0x00000000c0000000,0x00000000d4f70948,0x00000000d9e00000)
 Metaspace       used 6165K, capacity 7096K, committed 7296K, reserved 1056768K
  class space    used 612K, capacity 624K, committed 640K, reserved 1048576K
}
Event: 28.699 GC heap before
{Heap before GC invocations=44 (full 9):
 PSYoungGen      total 268288K, used 184832K [0x00000000eab00000, 0x0000000100000000, 0x0000000100000000)
  eden space 184832K, 100% used [0x00000000eab00000,0x00000000f5f80000,0x00000000f5f80000)
  from space 83456K, 0% used [0x00000000fae80000,0x00000000fae80000,0x0000000100000000)
  to   space 80896K, 0% used [0x00000000f5f80000,0x00000000f5f80000,0x00000000fae80000)
 ParOldGen       total 423936K, used 343490K [0x00000000c0000000, 0x00000000d9e00000, 0x00000000eab00000)
  object space 423936K, 81% used [0x00000000c0000000,0x00000000d4f70948,0x00000000d9e00000)
 Metaspace       used 6166K, capacity 7096K, committed 7296K, reserved 1056768K
  class space    used 612K, capacity 624K, committed 640K, reserved 1048576K
Event: 28.751 GC heap after
Heap after GC invocations=44 (full 9):
 PSYoungGen      total 216064K, used 31194K [0x00000000eab00000, 0x00000000ff480000, 0x0000000100000000)
  eden space 184832K, 0% used [0x00000000eab00000,0x00000000eab00000,0x00000000f5f80000)
  from space 31232K, 99% used [0x00000000f5f80000,0x00000000f7df6918,0x00000000f7e00000)
  to   space 76288K, 0% used [0x00000000faa00000,0x00000000faa00000,0x00000000ff480000)
 ParOldGen       total 423936K, used 343498K [0x00000000c0000000, 0x00000000d9e00000, 0x00000000eab00000)
  object space 423936K, 81% used [0x00000000c0000000,0x00000000d4f72948,0x00000000d9e00000)
 Metaspace       used 6166K, capacity 7096K, committed 7296K, reserved 1056768K
  class space    used 612K, capacity 624K, committed 640K, reserved 1048576K
}
Event: 29.519 GC heap before
{Heap before GC invocations=45 (full 9):
 PSYoungGen      total 216064K, used 216026K [0x00000000eab00000, 0x00000000ff480000, 0x0000000100000000)
  eden space 184832K, 100% used [0x00000000eab00000,0x00000000f5f80000,0x00000000f5f80000)
  from space 31232K, 99% used [0x00000000f5f80000,0x00000000f7df6918,0x00000000f7e00000)
  to   space 76288K, 0% used [0x00000000faa00000,0x00000000faa00000,0x00000000ff480000)
 ParOldGen       total 423936K, used 343498K [0x00000000c0000000, 0x00000000d9e00000, 0x00000000eab00000)
  object space 423936K, 81% used [0x00000000c0000000,0x00000000d4f72948,0x00000000d9e00000)
 Metaspace       used 6167K, capacity 7096K, committed 7296K, reserved 1056768K
  class space    used 612K, capacity 624K, committed 640K, reserved 1048576K
Event: 29.618 GC heap after
Heap after GC invocations=45 (full 9):
 PSYoungGen      total 254976K, used 61045K [0x00000000eab00000, 0x0000000100000000, 0x0000000100000000)
  eden space 178688K, 0% used [0x00000000eab00000,0x00000000eab00000,0x00000000f5980000)
  from space 76288K, 80% used [0x00000000faa00000,0x00000000fe59d400,0x00000000ff480000)
  to   space 82432K, 0% used [0x00000000f5980000,0x00000000f5980000,0x00000000faa00000)
 ParOldGen       total 423936K, used 343498K [0x00000000c0000000, 0x00000000d9e00000, 0x00000000eab00000)
  object space 423936K, 81% used [0x00000000c0000000,0x00000000d4f72948,0x00000000d9e00000)
 Metaspace       used 6167K, capacity 7096K, committed 7296K, reserved 1056768K
  class space    used 612K, capacity 624K, committed 640K, reserved 1048576K
}
Event: 30.345 GC heap before
{Heap before GC invocations=46 (full 9):
 PSYoungGen      total 254976K, used 239733K [0x00000000eab00000, 0x0000000100000000, 0x0000000100000000)
  eden space 178688K, 100% used [0x00000000eab00000,0x00000000f5980000,0x00000000f5980000)
  from space 76288K, 80% used [0x00000000faa00000,0x00000000fe59d400,0x00000000ff480000)
  to   space 82432K, 0% used [0x00000000f5980000,0x00000000f5980000,0x00000000faa00000)
 ParOldGen       total 423936K, used 343498K [0x00000000c0000000, 0x00000000d9e00000, 0x00000000eab00000)
  object space 423936K, 81% used [0x00000000c0000000,0x00000000d4f72948,0x00000000d9e00000)
 Metaspace       used 6168K, capacity 7096K, committed 7296K, reserved 1056768K
  class space    used 612K, capacity 624K, committed 640K, reserved 1048576K
Event: 30.497 GC heap after
Heap after GC invocations=46 (full 9):
 PSYoungGen      total 261120K, used 82429K [0x00000000eab00000, 0x0000000100000000, 0x0000000100000000)
  eden space 178688K, 0% used [0x00000000eab00000,0x00000000eab00000,0x00000000f5980000)
  from space 82432K, 99% used [0x00000000f5980000,0x00000000fa9ff510,0x00000000faa00000)
  to   space 88064K, 0% used [0x00000000faa00000,0x00000000faa00000,0x0000000100000000)
 ParOldGen       total 423936K, used 346542K [0x00000000c0000000, 0x00000000d9e00000, 0x00000000eab00000)
  object space 423936K, 81% used [0x00000000c0000000,0x00000000d526bb70,0x00000000d9e00000)
 Metaspace       used 6168K, capacity 7096K, committed 7296K, reserved 1056768K
  class space    used 612K, capacity 624K, committed 640K, reserved 1048576K
}
Event: 31.287 GC heap before
{Heap before GC invocations=47 (full 9):
 PSYoungGen      total 261120K, used 261117K [0x00000000eab00000, 0x0000000100000000, 0x0000000100000000)
  eden space 178688K, 100% used [0x00000000eab00000,0x00000000f5980000,0x00000000f5980000)
  from space 82432K, 99% used [0x00000000f5980000,0x00000000fa9ff510,0x00000000faa00000)
  to   space 88064K, 0% used [0x00000000faa00000,0x00000000faa00000,0x0000000100000000)
 ParOldGen       total 423936K, used 346542K [0x00000000c0000000, 0x00000000d9e00000, 0x00000000eab00000)
  object space 423936K, 81% used [0x00000000c0000000,0x00000000d526bb70,0x00000000d9e00000)
 Metaspace       used 6169K, capacity 7096K, committed 7296K, reserved 1056768K
  class space    used 613K, capacity 624K, committed 640K, reserved 1048576K
Event: 31.477 GC heap after
Heap after GC invocations=47 (full 9):
 PSYoungGen      total 224256K, used 82805K [0x00000000eab00000, 0x0000000100000000, 0x0000000100000000)
  eden space 136192K, 0% used [0x00000000eab00000,0x00000000eab00000,0x00000000f3000000)
  from space 88064K, 94% used [0x00000000faa00000,0x00000000ffadd6a8,0x0000000100000000)
  to   space 106496K, 0% used [0x00000000f3000000,0x00000000f3000000,0x00000000f9800000)
 ParOldGen       total 423936K, used 373958K [0x00000000c0000000, 0x00000000d9e00000, 0x00000000eab00000)
  object space 423936K, 88% used [0x00000000c0000000,0x00000000d6d31940,0x00000000d9e00000)
 Metaspace       used 6169K, capacity 7096K, committed 7296K, reserved 1056768K
  class space    used 613K, capacity 624K, committed 640K, reserved 1048576K
}
Event: 31.477 GC heap before
{Heap before GC invocations=48 (full 10):
 PSYoungGen      total 224256K, used 82805K [0x00000000eab00000, 0x0000000100000000, 0x0000000100000000)
  eden space 136192K, 0% used [0x00000000eab00000,0x00000000eab00000,0x00000000f3000000)
  from space 88064K, 94% used [0x00000000faa00000,0x00000000ffadd6a8,0x0000000100000000)
  to   space 106496K, 0% used [0x00000000f3000000,0x00000000f3000000,0x00000000f9800000)
 ParOldGen       total 423936K, used 373958K [0x00000000c0000000, 0x00000000d9e00000, 0x00000000eab00000)
  object space 423936K, 88% used [0x00000000c0000000,0x00000000d6d31940,0x00000000d9e00000)
 Metaspace       used 6169K, capacity 7096K, committed 7296K, reserved 1056768K
  class space    used 613K, capacity 624K, committed 640K, reserved 1048576K

