# JRE version: Java(TM) SE Runtime Environment (8.0_05-b13) (build 1.8.0_05-b13)
# Java VM: Java HotSpot(TM) 64-Bit Server VM (25.5-b02 mixed mode windows-amd64 compressed oops)
Heap:
 PSYoungGen      total 79360K, used 36426K [0x00000000eab00000, 0x00000000f0580000, 0x0000000100000000)
  eden space 67584K, 37% used [0x00000000eab00000,0x00000000ec3e9270,0x00000000eed00000)
  from space 11776K, 92% used [0x00000000ef900000,0x00000000f03a9768,0x00000000f0480000)
  to   space 12288K, 0% used [0x00000000eed00000,0x00000000eed00000,0x00000000ef900000)
 ParOldGen       total 96768K, used 59882K [0x00000000c0000000, 0x00000000c5e80000, 0x00000000eab00000)
  object space 96768K, 61% used [0x00000000c0000000,0x00000000c3a7aab0,0x00000000c5e80000)
 Metaspace       used 6121K, capacity 7032K, committed 7296K, reserved 1056768K
  class space    used 611K, capacity 624K, committed 640K, reserved 1048576K
GC Heap History (10 events):
Event: 2.516 GC heap before
{Heap before GC invocations=20 (full 0):
 PSYoungGen      total 41472K, used 41169K [0x00000000eab00000, 0x00000000eea00000, 0x0000000100000000)
  eden space 34816K, 100% used [0x00000000eab00000,0x00000000ecd00000,0x00000000ecd00000)
  from space 6656K, 95% used [0x00000000ecd00000,0x00000000ed334610,0x00000000ed380000)
  to   space 7680K, 0% used [0x00000000ee280000,0x00000000ee280000,0x00000000eea00000)
 ParOldGen       total 96768K, used 23371K [0x00000000c0000000, 0x00000000c5e80000, 0x00000000eab00000)
  object space 96768K, 24% used [0x00000000c0000000,0x00000000c16d2e50,0x00000000c5e80000)
 Metaspace       used 6048K, capacity 7032K, committed 7296K, reserved 1056768K
  class space    used 610K, capacity 624K, committed 640K, reserved 1048576K
Event: 2.534 GC heap after
Heap after GC invocations=20 (full 0):
 PSYoungGen      total 56320K, used 5664K [0x00000000eab00000, 0x00000000eeb00000, 0x0000000100000000)
  eden space 48640K, 0% used [0x00000000eab00000,0x00000000eab00000,0x00000000eda80000)
  from space 7680K, 73% used [0x00000000ee280000,0x00000000ee808000,0x00000000eea00000)
  to   space 8192K, 0% used [0x00000000eda80000,0x00000000eda80000,0x00000000ee280000)
 ParOldGen       total 96768K, used 29027K [0x00000000c0000000, 0x00000000c5e80000, 0x00000000eab00000)
  object space 96768K, 29% used [0x00000000c0000000,0x00000000c1c58cc8,0x00000000c5e80000)
 Metaspace       used 6048K, capacity 7032K, committed 7296K, reserved 1056768K
  class space    used 610K, capacity 624K, committed 640K, reserved 1048576K
}
Event: 3.102 GC heap before
{Heap before GC invocations=21 (full 0):
 PSYoungGen      total 56320K, used 54304K [0x00000000eab00000, 0x00000000eeb00000, 0x0000000100000000)
  eden space 48640K, 100% used [0x00000000eab00000,0x00000000eda80000,0x00000000eda80000)
  from space 7680K, 73% used [0x00000000ee280000,0x00000000ee808000,0x00000000eea00000)
  to   space 8192K, 0% used [0x00000000eda80000,0x00000000eda80000,0x00000000ee280000)
 ParOldGen       total 96768K, used 29027K [0x00000000c0000000, 0x00000000c5e80000, 0x00000000eab00000)
  object space 96768K, 29% used [0x00000000c0000000,0x00000000c1c58cc8,0x00000000c5e80000)
 Metaspace       used 6085K, capacity 7032K, committed 7296K, reserved 1056768K
  class space    used 611K, capacity 624K, committed 640K, reserved 1048576K
Event: 3.143 GC heap after
Heap after GC invocations=21 (full 0):
 PSYoungGen      total 56832K, used 8179K [0x00000000eab00000, 0x00000000f0480000, 0x0000000100000000)
  eden space 48640K, 0% used [0x00000000eab00000,0x00000000eab00000,0x00000000eda80000)
  from space 8192K, 99% used [0x00000000eda80000,0x00000000ee27cd70,0x00000000ee280000)
  to   space 11776K, 0% used [0x00000000ef900000,0x00000000ef900000,0x00000000f0480000)
 ParOldGen       total 96768K, used 34745K [0x00000000c0000000, 0x00000000c5e80000, 0x00000000eab00000)
  object space 96768K, 35% used [0x00000000c0000000,0x00000000c21ee5a0,0x00000000c5e80000)
 Metaspace       used 6085K, capacity 7032K, committed 7296K, reserved 1056768K
  class space    used 611K, capacity 624K, committed 640K, reserved 1048576K
}
Event: 3.385 GC heap before
{Heap before GC invocations=22 (full 0):
 PSYoungGen      total 56832K, used 56819K [0x00000000eab00000, 0x00000000f0480000, 0x0000000100000000)
  eden space 48640K, 100% used [0x00000000eab00000,0x00000000eda80000,0x00000000eda80000)
  from space 8192K, 99% used [0x00000000eda80000,0x00000000ee27cd70,0x00000000ee280000)
  to   space 11776K, 0% used [0x00000000ef900000,0x00000000ef900000,0x00000000f0480000)
 ParOldGen       total 96768K, used 34745K [0x00000000c0000000, 0x00000000c5e80000, 0x00000000eab00000)
  object space 96768K, 35% used [0x00000000c0000000,0x00000000c21ee5a0,0x00000000c5e80000)
 Metaspace       used 6095K, capacity 7032K, committed 7296K, reserved 1056768K
  class space    used 611K, capacity 624K, committed 640K, reserved 1048576K
Event: 3.414 GC heap after
Heap after GC invocations=22 (full 0):
 PSYoungGen      total 79360K, used 8039K [0x00000000eab00000, 0x00000000f0580000, 0x0000000100000000)
  eden space 67584K, 0% used [0x00000000eab00000,0x00000000eab00000,0x00000000eed00000)
  from space 11776K, 68% used [0x00000000ef900000,0x00000000f00d9d50,0x00000000f0480000)
  to   space 12288K, 0% used [0x00000000eed00000,0x00000000eed00000,0x00000000ef900000)
 ParOldGen       total 96768K, used 42094K [0x00000000c0000000, 0x00000000c5e80000, 0x00000000eab00000)
  object space 96768K, 43% used [0x00000000c0000000,0x00000000c291b938,0x00000000c5e80000)
 Metaspace       used 6095K, capacity 7032K, committed 7296K, reserved 1056768K
  class space    used 611K, capacity 624K, committed 640K, reserved 1048576K
}
Event: 3.740 GC heap before
{Heap before GC invocations=23 (full 0):
 PSYoungGen      total 79360K, used 75623K [0x00000000eab00000, 0x00000000f0580000, 0x0000000100000000)
  eden space 67584K, 100% used [0x00000000eab00000,0x00000000eed00000,0x00000000eed00000)
  from space 11776K, 68% used [0x00000000ef900000,0x00000000f00d9d50,0x00000000f0480000)
  to   space 12288K, 0% used [0x00000000eed00000,0x00000000eed00000,0x00000000ef900000)
 ParOldGen       total 96768K, used 42094K [0x00000000c0000000, 0x00000000c5e80000, 0x00000000eab00000)
  object space 96768K, 43% used [0x00000000c0000000,0x00000000c291b938,0x00000000c5e80000)
 Metaspace       used 6120K, capacity 7032K, committed 7296K, reserved 1056768K
  class space    used 611K, capacity 624K, committed 640K, reserved 1048576K
Event: 3.776 GC heap after
Heap after GC invocations=23 (full 0):
 PSYoungGen      total 79872K, used 10811K [0x00000000eab00000, 0x00000000f0580000, 0x0000000100000000)
  eden space 67584K, 0% used [0x00000000eab00000,0x00000000eab00000,0x00000000eed00000)
  from space 12288K, 87% used [0x00000000eed00000,0x00000000ef78ef20,0x00000000ef900000)
  to   space 11776K, 0% used [0x00000000ef900000,0x00000000ef900000,0x00000000f0480000)
 ParOldGen       total 96768K, used 49812K [0x00000000c0000000, 0x00000000c5e80000, 0x00000000eab00000)
  object space 96768K, 51% used [0x00000000c0000000,0x00000000c30a50a8,0x00000000c5e80000)
 Metaspace       used 6120K, capacity 7032K, committed 7296K, reserved 1056768K
  class space    used 611K, capacity 624K, committed 640K, reserved 1048576K
}
Event: 4.251 GC heap before
{Heap before GC invocations=24 (full 0):
 PSYoungGen      total 79872K, used 78395K [0x00000000eab00000, 0x00000000f0580000, 0x0000000100000000)
  eden space 67584K, 100% used [0x00000000eab00000,0x00000000eed00000,0x00000000eed00000)
  from space 12288K, 87% used [0x00000000eed00000,0x00000000ef78ef20,0x00000000ef900000)
  to   space 11776K, 0% used [0x00000000ef900000,0x00000000ef900000,0x00000000f0480000)
 ParOldGen       total 96768K, used 49812K [0x00000000c0000000, 0x00000000c5e80000, 0x00000000eab00000)
  object space 96768K, 51% used [0x00000000c0000000,0x00000000c30a50a8,0x00000000c5e80000)
 Metaspace       used 6121K, capacity 7032K, committed 7296K, reserved 1056768K
  class space    used 611K, capacity 624K, committed 640K, reserved 1048576K
Event: 4.290 GC heap after
Heap after GC invocations=24 (full 0):
 PSYoungGen      total 79360K, used 10917K [0x00000000eab00000, 0x00000000f0580000, 0x0000000100000000)
  eden space 67584K, 0% used [0x00000000eab00000,0x00000000eab00000,0x00000000eed00000)
  from space 11776K, 92% used [0x00000000ef900000,0x00000000f03a9768,0x00000000f0480000)
  to   space 12288K, 0% used [0x00000000eed00000,0x00000000eed00000,0x00000000ef900000)
 ParOldGen       total 96768K, used 59882K [0x00000000c0000000, 0x00000000c5e80000, 0x00000000eab00000)
  object space 96768K, 61% used [0x00000000c0000000,0x00000000c3a7aab0,0x00000000c5e80000)
 Metaspace       used 6121K, capacity 7032K, committed 7296K, reserved 1056768K
  class space    used 611K, capacity 624K, committed 640K, reserved 1048576K
}

