# JRE version: Java(TM) SE Runtime Environment (8.0_05-b13) (build 1.8.0_05-b13)
# Java VM: Java HotSpot(TM) 64-Bit Server VM (25.5-b02 mixed mode windows-amd64 compressed oops)
Heap:
 PSYoungGen      total 232960K, used 190452K [0x00000000eab00000, 0x0000000100000000, 0x0000000100000000)
  eden space 116736K, 100% used [0x00000000eab00000,0x00000000f1d00000,0x00000000f1d00000)
  from space 116224K, 63% used [0x00000000f8e80000,0x00000000fd67d218,0x0000000100000000)
  to   space 116224K, 46% used [0x00000000f1d00000,0x00000000f5150ee8,0x00000000f8e80000)
 ParOldGen       total 456192K, used 394245K [0x00000000c0000000, 0x00000000dbd80000, 0x00000000eab00000)
  object space 456192K, 86% used [0x00000000c0000000,0x00000000d81015c8,0x00000000dbd80000)
 Metaspace       used 6178K, capacity 7096K, committed 7296K, reserved 1056768K
  class space    used 613K, capacity 624K, committed 640K, reserved 1048576K
GC Heap History (10 events):
Event: 27.398 GC heap after
Heap after GC invocations=46 (full 9):
 PSYoungGen      total 215552K, used 86249K [0x00000000eab00000, 0x0000000100000000, 0x0000000100000000)
  eden space 129024K, 0% used [0x00000000eab00000,0x00000000eab00000,0x00000000f2900000)
  from space 86528K, 99% used [0x00000000f2900000,0x00000000f7d3a7a0,0x00000000f7d80000)
  to   space 115712K, 0% used [0x00000000f8f00000,0x00000000f8f00000,0x0000000100000000)
 ParOldGen       total 391168K, used 325831K [0x00000000c0000000, 0x00000000d7e00000, 0x00000000eab00000)
  object space 391168K, 83% used [0x00000000c0000000,0x00000000d3e31f60,0x00000000d7e00000)
 Metaspace       used 6178K, capacity 7096K, committed 7296K, reserved 1056768K
  class space    used 613K, capacity 624K, committed 640K, reserved 1048576K
}
Event: 27.785 GC heap before
{Heap before GC invocations=47 (full 9):
 PSYoungGen      total 215552K, used 215273K [0x00000000eab00000, 0x0000000100000000, 0x0000000100000000)
  eden space 129024K, 100% used [0x00000000eab00000,0x00000000f2900000,0x00000000f2900000)
  from space 86528K, 99% used [0x00000000f2900000,0x00000000f7d3a7a0,0x00000000f7d80000)
  to   space 115712K, 0% used [0x00000000f8f00000,0x00000000f8f00000,0x0000000100000000)
 ParOldGen       total 391168K, used 325831K [0x00000000c0000000, 0x00000000d7e00000, 0x00000000eab00000)
  object space 391168K, 83% used [0x00000000c0000000,0x00000000d3e31f60,0x00000000d7e00000)
 Metaspace       used 6178K, capacity 7096K, committed 7296K, reserved 1056768K
  class space    used 613K, capacity 624K, committed 640K, reserved 1048576K
Event: 27.971 GC heap after
Heap after GC invocations=47 (full 9):
 PSYoungGen      total 232448K, used 106433K [0x00000000eab00000, 0x0000000100000000, 0x0000000100000000)
  eden space 116736K, 0% used [0x00000000eab00000,0x00000000eab00000,0x00000000f1d00000)
  from space 115712K, 91% used [0x00000000f8f00000,0x00000000ff6f04d0,0x0000000100000000)
  to   space 116224K, 0% used [0x00000000f1d00000,0x00000000f1d00000,0x00000000f8e80000)
 ParOldGen       total 391168K, used 325831K [0x00000000c0000000, 0x00000000d7e00000, 0x00000000eab00000)
  object space 391168K, 83% used [0x00000000c0000000,0x00000000d3e31f60,0x00000000d7e00000)
 Metaspace       used 6178K, capacity 7096K, committed 7296K, reserved 1056768K
  class space    used 613K, capacity 624K, committed 640K, reserved 1048576K
}
Event: 28.308 GC heap before
{Heap before GC invocations=48 (full 9):
 PSYoungGen      total 232448K, used 223169K [0x00000000eab00000, 0x0000000100000000, 0x0000000100000000)
  eden space 116736K, 100% used [0x00000000eab00000,0x00000000f1d00000,0x00000000f1d00000)
  from space 115712K, 91% used [0x00000000f8f00000,0x00000000ff6f04d0,0x0000000100000000)
  to   space 116224K, 0% used [0x00000000f1d00000,0x00000000f1d00000,0x00000000f8e80000)
 ParOldGen       total 391168K, used 325831K [0x00000000c0000000, 0x00000000d7e00000, 0x00000000eab00000)
  object space 391168K, 83% used [0x00000000c0000000,0x00000000d3e31f60,0x00000000d7e00000)
 Metaspace       used 6178K, capacity 7096K, committed 7296K, reserved 1056768K
  class space    used 613K, capacity 624K, committed 640K, reserved 1048576K
Event: 28.492 GC heap after
Heap after GC invocations=48 (full 9):
 PSYoungGen      total 232960K, used 116192K [0x00000000eab00000, 0x0000000100000000, 0x0000000100000000)
  eden space 116736K, 0% used [0x00000000eab00000,0x00000000eab00000,0x00000000f1d00000)
  from space 116224K, 99% used [0x00000000f1d00000,0x00000000f8e78390,0x00000000f8e80000)
  to   space 116224K, 0% used [0x00000000f8e80000,0x00000000f8e80000,0x0000000100000000)
 ParOldGen       total 391168K, used 339343K [0x00000000c0000000, 0x00000000d7e00000, 0x00000000eab00000)
  object space 391168K, 86% used [0x00000000c0000000,0x00000000d4b63c68,0x00000000d7e00000)
 Metaspace       used 6178K, capacity 7096K, committed 7296K, reserved 1056768K
  class space    used 613K, capacity 624K, committed 640K, reserved 1048576K
}
Event: 28.863 GC heap before
{Heap before GC invocations=49 (full 9):
 PSYoungGen      total 232960K, used 232928K [0x00000000eab00000, 0x0000000100000000, 0x0000000100000000)
  eden space 116736K, 100% used [0x00000000eab00000,0x00000000f1d00000,0x00000000f1d00000)
  from space 116224K, 99% used [0x00000000f1d00000,0x00000000f8e78390,0x00000000f8e80000)
  to   space 116224K, 0% used [0x00000000f8e80000,0x00000000f8e80000,0x0000000100000000)
 ParOldGen       total 391168K, used 339343K [0x00000000c0000000, 0x00000000d7e00000, 0x00000000eab00000)
  object space 391168K, 86% used [0x00000000c0000000,0x00000000d4b63c68,0x00000000d7e00000)
 Metaspace       used 6178K, capacity 7096K, committed 7296K, reserved 1056768K
  class space    used 613K, capacity 624K, committed 640K, reserved 1048576K
Event: 29.065 GC heap after
Heap after GC invocations=49 (full 9):
 PSYoungGen      total 232960K, used 107887K [0x00000000eab00000, 0x0000000100000000, 0x0000000100000000)
  eden space 116736K, 0% used [0x00000000eab00000,0x00000000eab00000,0x00000000f1d00000)
  from space 116224K, 92% used [0x00000000f8e80000,0x00000000ff7dbda0,0x0000000100000000)
  to   space 116224K, 0% used [0x00000000f1d00000,0x00000000f1d00000,0x00000000f8e80000)
 ParOldGen       total 391168K, used 360003K [0x00000000c0000000, 0x00000000d7e00000, 0x00000000eab00000)
  object space 391168K, 92% used [0x00000000c0000000,0x00000000d5f90e78,0x00000000d7e00000)
 Metaspace       used 6178K, capacity 7096K, committed 7296K, reserved 1056768K
  class space    used 613K, capacity 624K, committed 640K, reserved 1048576K
}
Event: 29.065 GC heap before
{Heap before GC invocations=50 (full 10):
 PSYoungGen      total 232960K, used 107887K [0x00000000eab00000, 0x0000000100000000, 0x0000000100000000)
  eden space 116736K, 0% used [0x00000000eab00000,0x00000000eab00000,0x00000000f1d00000)
  from space 116224K, 92% used [0x00000000f8e80000,0x00000000ff7dbda0,0x0000000100000000)
  to   space 116224K, 0% used [0x00000000f1d00000,0x00000000f1d00000,0x00000000f8e80000)
 ParOldGen       total 391168K, used 360003K [0x00000000c0000000, 0x00000000d7e00000, 0x00000000eab00000)
  object space 391168K, 92% used [0x00000000c0000000,0x00000000d5f90e78,0x00000000d7e00000)
 Metaspace       used 6178K, capacity 7096K, committed 7296K, reserved 1056768K
  class space    used 613K, capacity 624K, committed 640K, reserved 1048576K
Event: 31.798 GC heap after
Heap after GC invocations=50 (full 10):
 PSYoungGen      total 232960K, used 73716K [0x00000000eab00000, 0x0000000100000000, 0x0000000100000000)
  eden space 116736K, 0% used [0x00000000eab00000,0x00000000eab00000,0x00000000f1d00000)
  from space 116224K, 63% used [0x00000000f8e80000,0x00000000fd67d218,0x0000000100000000)
  to   space 116224K, 0% used [0x00000000f1d00000,0x00000000f1d00000,0x00000000f8e80000)
 ParOldGen       total 456192K, used 390793K [0x00000000c0000000, 0x00000000dbd80000, 0x00000000eab00000)
  object space 456192K, 85% used [0x00000000c0000000,0x00000000d7da2660,0x00000000dbd80000)
 Metaspace       used 6178K, capacity 7096K, committed 7296K, reserved 1056768K
  class space    used 613K, capacity 624K, committed 640K, reserved 1048576K
}
Event: 32.192 GC heap before
{Heap before GC invocations=51 (full 10):
 PSYoungGen      total 232960K, used 190452K [0x00000000eab00000, 0x0000000100000000, 0x0000000100000000)
  eden space 116736K, 100% used [0x00000000eab00000,0x00000000f1d00000,0x00000000f1d00000)
  from space 116224K, 63% used [0x00000000f8e80000,0x00000000fd67d218,0x0000000100000000)
  to   space 116224K, 0% used [0x00000000f1d00000,0x00000000f1d00000,0x00000000f8e80000)
 ParOldGen       total 456192K, used 390793K [0x00000000c0000000, 0x00000000dbd80000, 0x00000000eab00000)
  object space 456192K, 85% used [0x00000000c0000000,0x00000000d7da2660,0x00000000dbd80000)
 Metaspace       used 6178K, capacity 7096K, committed 7296K, reserved 1056768K
  class space    used 613K, capacity 624K, committed 640K, reserved 1048576K

