# JRE version: Java(TM) SE Runtime Environment (8.0_05-b13) (build 1.8.0_05-b13)
# Java VM: Java HotSpot(TM) 64-Bit Server VM (25.5-b02 mixed mode windows-amd64 compressed oops)
Heap:
 PSYoungGen      total 63488K, used 60761K [0x00000000eab00000, 0x00000000ef380000, 0x0000000100000000)
  eden space 54272K, 100% used [0x00000000eab00000,0x00000000ee000000,0x00000000ee000000)
  from space 9216K, 70% used [0x00000000ee980000,0x00000000eefd6758,0x00000000ef280000)
  to   space 9728K, 80% used [0x00000000ee000000,0x00000000ee7a0020,0x00000000ee980000)
 ParOldGen       total 96768K, used 34876K [0x00000000c0000000, 0x00000000c5e80000, 0x00000000eab00000)
  object space 96768K, 36% used [0x00000000c0000000,0x00000000c22110c8,0x00000000c5e80000)
 Metaspace       used 6117K, capacity 7064K, committed 7424K, reserved 1056768K
  class space    used 610K, capacity 656K, committed 768K, reserved 1048576K
GC Heap History (10 events):
Event: 1.835 GC heap after
Heap after GC invocations=16 (full 0):
 PSYoungGen      total 31744K, used 2784K [0x00000000eab00000, 0x00000000ecd80000, 0x0000000100000000)
  eden space 28160K, 0% used [0x00000000eab00000,0x00000000eab00000,0x00000000ec680000)
  from space 3584K, 77% used [0x00000000eca00000,0x00000000eccb8000,0x00000000ecd80000)
  to   space 3584K, 0% used [0x00000000ec680000,0x00000000ec680000,0x00000000eca00000)
 ParOldGen       total 96768K, used 11605K [0x00000000c0000000, 0x00000000c5e80000, 0x00000000eab00000)
  object space 96768K, 11% used [0x00000000c0000000,0x00000000c0b554c8,0x00000000c5e80000)
 Metaspace       used 5835K, capacity 6896K, committed 7040K, reserved 1056768K
  class space    used 583K, capacity 616K, committed 640K, reserved 1048576K
}
Event: 2.031 GC heap before
{Heap before GC invocations=17 (full 0):
 PSYoungGen      total 31744K, used 30944K [0x00000000eab00000, 0x00000000ecd80000, 0x0000000100000000)
  eden space 28160K, 100% used [0x00000000eab00000,0x00000000ec680000,0x00000000ec680000)
  from space 3584K, 77% used [0x00000000eca00000,0x00000000eccb8000,0x00000000ecd80000)
  to   space 3584K, 0% used [0x00000000ec680000,0x00000000ec680000,0x00000000eca00000)
 ParOldGen       total 96768K, used 11605K [0x00000000c0000000, 0x00000000c5e80000, 0x00000000eab00000)
  object space 96768K, 11% used [0x00000000c0000000,0x00000000c0b554c8,0x00000000c5e80000)
 Metaspace       used 5867K, capacity 6960K, committed 7040K, reserved 1056768K
  class space    used 583K, capacity 616K, committed 640K, reserved 1048576K
Event: 2.043 GC heap after
Heap after GC invocations=17 (full 0):
 PSYoungGen      total 31744K, used 3552K [0x00000000eab00000, 0x00000000edc80000, 0x0000000100000000)
  eden space 28160K, 0% used [0x00000000eab00000,0x00000000eab00000,0x00000000ec680000)
  from space 3584K, 99% used [0x00000000ec680000,0x00000000ec9f8010,0x00000000eca00000)
  to   space 5632K, 0% used [0x00000000ed700000,0x00000000ed700000,0x00000000edc80000)
 ParOldGen       total 96768K, used 14952K [0x00000000c0000000, 0x00000000c5e80000, 0x00000000eab00000)
  object space 96768K, 15% used [0x00000000c0000000,0x00000000c0e9a3f8,0x00000000c5e80000)
 Metaspace       used 5867K, capacity 6960K, committed 7040K, reserved 1056768K
  class space    used 583K, capacity 616K, committed 640K, reserved 1048576K
}
Event: 2.185 GC heap before
{Heap before GC invocations=18 (full 0):
 PSYoungGen      total 31744K, used 31712K [0x00000000eab00000, 0x00000000edc80000, 0x0000000100000000)
  eden space 28160K, 100% used [0x00000000eab00000,0x00000000ec680000,0x00000000ec680000)
  from space 3584K, 99% used [0x00000000ec680000,0x00000000ec9f8010,0x00000000eca00000)
  to   space 5632K, 0% used [0x00000000ed700000,0x00000000ed700000,0x00000000edc80000)
 ParOldGen       total 96768K, used 14952K [0x00000000c0000000, 0x00000000c5e80000, 0x00000000eab00000)
  object space 96768K, 15% used [0x00000000c0000000,0x00000000c0e9a3f8,0x00000000c5e80000)
 Metaspace       used 5880K, capacity 6960K, committed 7040K, reserved 1056768K
  class space    used 583K, capacity 616K, committed 640K, reserved 1048576K
Event: 2.202 GC heap after
Heap after GC invocations=18 (full 0):
 PSYoungGen      total 44544K, used 4960K [0x00000000eab00000, 0x00000000edd80000, 0x0000000100000000)
  eden space 38912K, 0% used [0x00000000eab00000,0x00000000eab00000,0x00000000ed100000)
  from space 5632K, 88% used [0x00000000ed700000,0x00000000edbd8000,0x00000000edc80000)
  to   space 6144K, 0% used [0x00000000ed100000,0x00000000ed100000,0x00000000ed700000)
 ParOldGen       total 96768K, used 18462K [0x00000000c0000000, 0x00000000c5e80000, 0x00000000eab00000)
  object space 96768K, 19% used [0x00000000c0000000,0x00000000c1207918,0x00000000c5e80000)
 Metaspace       used 5880K, capacity 6960K, committed 7040K, reserved 1056768K
  class space    used 583K, capacity 616K, committed 640K, reserved 1048576K
}
Event: 2.906 GC heap before
{Heap before GC invocations=19 (full 0):
 PSYoungGen      total 44544K, used 43872K [0x00000000eab00000, 0x00000000edd80000, 0x0000000100000000)
  eden space 38912K, 100% used [0x00000000eab00000,0x00000000ed100000,0x00000000ed100000)
  from space 5632K, 88% used [0x00000000ed700000,0x00000000edbd8000,0x00000000edc80000)
  to   space 6144K, 0% used [0x00000000ed100000,0x00000000ed100000,0x00000000ed700000)
 ParOldGen       total 96768K, used 18462K [0x00000000c0000000, 0x00000000c5e80000, 0x00000000eab00000)
  object space 96768K, 19% used [0x00000000c0000000,0x00000000c1207918,0x00000000c5e80000)
 Metaspace       used 5883K, capacity 6960K, committed 7040K, reserved 1056768K
  class space    used 584K, capacity 616K, committed 640K, reserved 1048576K
Event: 2.964 GC heap after
Heap after GC invocations=19 (full 0):
 PSYoungGen      total 45056K, used 6140K [0x00000000eab00000, 0x00000000ef280000, 0x0000000100000000)
  eden space 38912K, 0% used [0x00000000eab00000,0x00000000eab00000,0x00000000ed100000)
  from space 6144K, 99% used [0x00000000ed100000,0x00000000ed6ff290,0x00000000ed700000)
  to   space 9216K, 0% used [0x00000000ee980000,0x00000000ee980000,0x00000000ef280000)
 ParOldGen       total 96768K, used 23186K [0x00000000c0000000, 0x00000000c5e80000, 0x00000000eab00000)
  object space 96768K, 23% used [0x00000000c0000000,0x00000000c16a4ad8,0x00000000c5e80000)
 Metaspace       used 5883K, capacity 6960K, committed 7040K, reserved 1056768K
  class space    used 584K, capacity 616K, committed 640K, reserved 1048576K
}
Event: 3.286 GC heap before
{Heap before GC invocations=20 (full 0):
 PSYoungGen      total 45056K, used 45052K [0x00000000eab00000, 0x00000000ef280000, 0x0000000100000000)
  eden space 38912K, 100% used [0x00000000eab00000,0x00000000ed100000,0x00000000ed100000)
  from space 6144K, 99% used [0x00000000ed100000,0x00000000ed6ff290,0x00000000ed700000)
  to   space 9216K, 0% used [0x00000000ee980000,0x00000000ee980000,0x00000000ef280000)
 ParOldGen       total 96768K, used 23186K [0x00000000c0000000, 0x00000000c5e80000, 0x00000000eab00000)
  object space 96768K, 23% used [0x00000000c0000000,0x00000000c16a4ad8,0x00000000c5e80000)
 Metaspace       used 6015K, capacity 6968K, committed 7040K, reserved 1056768K
  class space    used 604K, capacity 624K, committed 640K, reserved 1048576K
Event: 3.308 GC heap after
Heap after GC invocations=20 (full 0):
 PSYoungGen      total 63488K, used 6489K [0x00000000eab00000, 0x00000000ef380000, 0x0000000100000000)
  eden space 54272K, 0% used [0x00000000eab00000,0x00000000eab00000,0x00000000ee000000)
  from space 9216K, 70% used [0x00000000ee980000,0x00000000eefd6758,0x00000000ef280000)
  to   space 9728K, 0% used [0x00000000ee000000,0x00000000ee000000,0x00000000ee980000)
 ParOldGen       total 96768K, used 28848K [0x00000000c0000000, 0x00000000c5e80000, 0x00000000eab00000)
  object space 96768K, 29% used [0x00000000c0000000,0x00000000c1c2c038,0x00000000c5e80000)
 Metaspace       used 6015K, capacity 6968K, committed 7040K, reserved 1056768K
  class space    used 604K, capacity 624K, committed 640K, reserved 1048576K
}
Event: 4.019 GC heap before
{Heap before GC invocations=21 (full 0):
 PSYoungGen      total 63488K, used 60761K [0x00000000eab00000, 0x00000000ef380000, 0x0000000100000000)
  eden space 54272K, 100% used [0x00000000eab00000,0x00000000ee000000,0x00000000ee000000)
  from space 9216K, 70% used [0x00000000ee980000,0x00000000eefd6758,0x00000000ef280000)
  to   space 9728K, 0% used [0x00000000ee000000,0x00000000ee000000,0x00000000ee980000)
 ParOldGen       total 96768K, used 28848K [0x00000000c0000000, 0x00000000c5e80000, 0x00000000eab00000)
  object space 96768K, 29% used [0x00000000c0000000,0x00000000c1c2c038,0x00000000c5e80000)
 Metaspace       used 6117K, capacity 7064K, committed 7424K, reserved 1056768K
  class space    used 610K, capacity 656K, committed 768K, reserved 1048576K

