# JRE version: Java(TM) SE Runtime Environment (8.0_05-b13) (build 1.8.0_05-b13)
# Java VM: Java HotSpot(TM) 64-Bit Server VM (25.5-b02 mixed mode windows-amd64 compressed oops)
Heap:
 PSYoungGen      total 181248K, used 45824K [0x00000000eab00000, 0x00000000fa700000, 0x0000000100000000)
  eden space 136192K, 33% used [0x00000000eab00000,0x00000000ed7c0120,0x00000000f3000000)
  from space 45056K, 0% used [0x00000000f3000000,0x00000000f3000000,0x00000000f5c00000)
  to   space 56832K, 0% used [0x00000000f6f80000,0x00000000f6f80000,0x00000000fa700000)
 ParOldGen       total 202240K, used 202214K [0x00000000c0000000, 0x00000000cc580000, 0x00000000eab00000)
  object space 202240K, 99% used [0x00000000c0000000,0x00000000cc579870,0x00000000cc580000)
 Metaspace       used 6164K, capacity 7096K, committed 7296K, reserved 1056768K
  class space    used 611K, capacity 624K, committed 640K, reserved 1048576K
GC Heap History (10 events):
Event: 12.209 GC heap before
{Heap before GC invocations=35 (full 4):
 PSYoungGen      total 172544K, used 20816K [0x00000000eab00000, 0x00000000f8300000, 0x0000000100000000)
  eden space 132096K, 0% used [0x00000000eab00000,0x00000000eab00000,0x00000000f2c00000)
  from space 40448K, 51% used [0x00000000f2c00000,0x00000000f4054078,0x00000000f5380000)
  to   space 39936K, 0% used [0x00000000f5c00000,0x00000000f5c00000,0x00000000f8300000)
 ParOldGen       total 168960K, used 168520K [0x00000000c0000000, 0x00000000ca500000, 0x00000000eab00000)
  object space 168960K, 99% used [0x00000000c0000000,0x00000000ca4923f0,0x00000000ca500000)
 Metaspace       used 6154K, capacity 7096K, committed 7296K, reserved 1056768K
  class space    used 611K, capacity 624K, committed 640K, reserved 1048576K
Event: 13.458 GC heap after
Heap after GC invocations=35 (full 4):
 PSYoungGen      total 172544K, used 19082K [0x00000000eab00000, 0x00000000f8300000, 0x0000000100000000)
  eden space 132096K, 0% used [0x00000000eab00000,0x00000000eab00000,0x00000000f2c00000)
  from space 40448K, 47% used [0x00000000f2c00000,0x00000000f3ea2828,0x00000000f5380000)
  to   space 39936K, 0% used [0x00000000f5c00000,0x00000000f5c00000,0x00000000f8300000)
 ParOldGen       total 202240K, used 168549K [0x00000000c0000000, 0x00000000cc580000, 0x00000000eab00000)
  object space 202240K, 83% used [0x00000000c0000000,0x00000000ca499688,0x00000000cc580000)
 Metaspace       used 6154K, capacity 7096K, committed 7296K, reserved 1056768K
  class space    used 611K, capacity 624K, committed 640K, reserved 1048576K
}
Event: 14.244 GC heap before
{Heap before GC invocations=36 (full 4):
 PSYoungGen      total 172544K, used 151178K [0x00000000eab00000, 0x00000000f8300000, 0x0000000100000000)
  eden space 132096K, 100% used [0x00000000eab00000,0x00000000f2c00000,0x00000000f2c00000)
  from space 40448K, 47% used [0x00000000f2c00000,0x00000000f3ea2828,0x00000000f5380000)
  to   space 39936K, 0% used [0x00000000f5c00000,0x00000000f5c00000,0x00000000f8300000)
 ParOldGen       total 202240K, used 168549K [0x00000000c0000000, 0x00000000cc580000, 0x00000000eab00000)
  object space 202240K, 83% used [0x00000000c0000000,0x00000000ca499688,0x00000000cc580000)
 Metaspace       used 6157K, capacity 7096K, committed 7296K, reserved 1056768K
  class space    used 611K, capacity 624K, committed 640K, reserved 1048576K
Event: 14.395 GC heap after
Heap after GC invocations=36 (full 4):
 PSYoungGen      total 176128K, used 36109K [0x00000000eab00000, 0x00000000f8c00000, 0x0000000100000000)
  eden space 136192K, 0% used [0x00000000eab00000,0x00000000eab00000,0x00000000f3000000)
  from space 39936K, 90% used [0x00000000f5c00000,0x00000000f7f436c8,0x00000000f8300000)
  to   space 45056K, 0% used [0x00000000f3000000,0x00000000f3000000,0x00000000f5c00000)
 ParOldGen       total 202240K, used 168557K [0x00000000c0000000, 0x00000000cc580000, 0x00000000eab00000)
  object space 202240K, 83% used [0x00000000c0000000,0x00000000ca49b688,0x00000000cc580000)
 Metaspace       used 6157K, capacity 7096K, committed 7296K, reserved 1056768K
  class space    used 611K, capacity 624K, committed 640K, reserved 1048576K
}
Event: 15.078 GC heap before
{Heap before GC invocations=37 (full 4):
 PSYoungGen      total 176128K, used 172301K [0x00000000eab00000, 0x00000000f8c00000, 0x0000000100000000)
  eden space 136192K, 100% used [0x00000000eab00000,0x00000000f3000000,0x00000000f3000000)
  from space 39936K, 90% used [0x00000000f5c00000,0x00000000f7f436c8,0x00000000f8300000)
  to   space 45056K, 0% used [0x00000000f3000000,0x00000000f3000000,0x00000000f5c00000)
 ParOldGen       total 202240K, used 168557K [0x00000000c0000000, 0x00000000cc580000, 0x00000000eab00000)
  object space 202240K, 83% used [0x00000000c0000000,0x00000000ca49b688,0x00000000cc580000)
 Metaspace       used 6160K, capacity 7096K, committed 7296K, reserved 1056768K
  class space    used 611K, capacity 624K, committed 640K, reserved 1048576K
Event: 15.219 GC heap after
Heap after GC invocations=37 (full 4):
 PSYoungGen      total 181248K, used 45028K [0x00000000eab00000, 0x00000000fa700000, 0x0000000100000000)
  eden space 136192K, 0% used [0x00000000eab00000,0x00000000eab00000,0x00000000f3000000)
  from space 45056K, 99% used [0x00000000f3000000,0x00000000f5bf90c8,0x00000000f5c00000)
  to   space 56832K, 0% used [0x00000000f6f80000,0x00000000f6f80000,0x00000000fa700000)
 ParOldGen       total 202240K, used 179667K [0x00000000c0000000, 0x00000000cc580000, 0x00000000eab00000)
  object space 202240K, 88% used [0x00000000c0000000,0x00000000caf74d90,0x00000000cc580000)
 Metaspace       used 6160K, capacity 7096K, committed 7296K, reserved 1056768K
  class space    used 611K, capacity 624K, committed 640K, reserved 1048576K
}
Event: 15.219 GC heap before
{Heap before GC invocations=38 (full 5):
 PSYoungGen      total 181248K, used 45028K [0x00000000eab00000, 0x00000000fa700000, 0x0000000100000000)
  eden space 136192K, 0% used [0x00000000eab00000,0x00000000eab00000,0x00000000f3000000)
  from space 45056K, 99% used [0x00000000f3000000,0x00000000f5bf90c8,0x00000000f5c00000)
  to   space 56832K, 0% used [0x00000000f6f80000,0x00000000f6f80000,0x00000000fa700000)
 ParOldGen       total 202240K, used 179667K [0x00000000c0000000, 0x00000000cc580000, 0x00000000eab00000)
  object space 202240K, 88% used [0x00000000c0000000,0x00000000caf74d90,0x00000000cc580000)
 Metaspace       used 6160K, capacity 7096K, committed 7296K, reserved 1056768K
  class space    used 611K, capacity 624K, committed 640K, reserved 1048576K
Event: 16.539 GC heap after
Heap after GC invocations=38 (full 5):
 PSYoungGen      total 181248K, used 22427K [0x00000000eab00000, 0x00000000fa700000, 0x0000000100000000)
  eden space 136192K, 0% used [0x00000000eab00000,0x00000000eab00000,0x00000000f3000000)
  from space 45056K, 49% used [0x00000000f3000000,0x00000000f45e6f88,0x00000000f5c00000)
  to   space 56832K, 0% used [0x00000000f6f80000,0x00000000f6f80000,0x00000000fa700000)
 ParOldGen       total 202240K, used 201873K [0x00000000c0000000, 0x00000000cc580000, 0x00000000eab00000)
  object space 202240K, 99% used [0x00000000c0000000,0x00000000cc524650,0x00000000cc580000)
 Metaspace       used 6160K, capacity 7096K, committed 7296K, reserved 1056768K
  class space    used 611K, capacity 624K, committed 640K, reserved 1048576K
}
Event: 17.205 GC heap before
{Heap before GC invocations=39 (full 6):
 PSYoungGen      total 181248K, used 158619K [0x00000000eab00000, 0x00000000fa700000, 0x0000000100000000)
  eden space 136192K, 100% used [0x00000000eab00000,0x00000000f3000000,0x00000000f3000000)
  from space 45056K, 49% used [0x00000000f3000000,0x00000000f45e6f88,0x00000000f5c00000)
  to   space 56832K, 0% used [0x00000000f6f80000,0x00000000f6f80000,0x00000000fa700000)
 ParOldGen       total 202240K, used 201873K [0x00000000c0000000, 0x00000000cc580000, 0x00000000eab00000)
  object space 202240K, 99% used [0x00000000c0000000,0x00000000cc524650,0x00000000cc580000)
 Metaspace       used 6164K, capacity 7096K, committed 7296K, reserved 1056768K
  class space    used 611K, capacity 624K, committed 640K, reserved 1048576K
Event: 18.963 GC heap after
Heap after GC invocations=39 (full 6):
 PSYoungGen      total 181248K, used 42394K [0x00000000eab00000, 0x00000000fa700000, 0x0000000100000000)
  eden space 136192K, 31% used [0x00000000eab00000,0x00000000ed466b80,0x00000000f3000000)
  from space 45056K, 0% used [0x00000000f3000000,0x00000000f3000000,0x00000000f5c00000)
  to   space 56832K, 0% used [0x00000000f6f80000,0x00000000f6f80000,0x00000000fa700000)
 ParOldGen       total 202240K, used 202214K [0x00000000c0000000, 0x00000000cc580000, 0x00000000eab00000)
  object space 202240K, 99% used [0x00000000c0000000,0x00000000cc579870,0x00000000cc580000)
 Metaspace       used 6164K, capacity 7096K, committed 7296K, reserved 1056768K
  class space    used 611K, capacity 624K, committed 640K, reserved 1048576K
}

