# JRE version: Java(TM) SE Runtime Environment (8.0_05-b13) (build 1.8.0_05-b13)
# Java VM: Java HotSpot(TM) 64-Bit Server VM (25.5-b02 mixed mode windows-amd64 compressed oops)
Heap:
 PSYoungGen      total 232960K, used 39041K [0x00000000eab00000, 0x0000000100000000, 0x0000000100000000)
  eden space 116736K, 33% used [0x00000000eab00000,0x00000000ed120560,0x00000000f1d00000)
  from space 116224K, 0% used [0x00000000f8e80000,0x00000000f8e80000,0x0000000100000000)
  to   space 116224K, 0% used [0x00000000f1d00000,0x00000000f1d00000,0x00000000f8e80000)
 ParOldGen       total 699392K, used 614691K [0x00000000c0000000, 0x00000000eab00000, 0x00000000eab00000)
  object space 699392K, 87% used [0x00000000c0000000,0x00000000e5848c70,0x00000000eab00000)
 Metaspace       used 6182K, capacity 7096K, committed 7296K, reserved 1056768K
  class space    used 614K, capacity 624K, committed 640K, reserved 1048576K
GC Heap History (10 events):
Event: 42.347 GC heap before
{Heap before GC invocations=59 (full 12):
 PSYoungGen      total 232960K, used 116736K [0x00000000eab00000, 0x0000000100000000, 0x0000000100000000)
  eden space 116736K, 100% used [0x00000000eab00000,0x00000000f1d00000,0x00000000f1d00000)
  from space 116224K, 0% used [0x00000000f8e80000,0x00000000f8e80000,0x0000000100000000)
  to   space 116224K, 0% used [0x00000000f1d00000,0x00000000f1d00000,0x00000000f8e80000)
 ParOldGen       total 632320K, used 544461K [0x00000000c0000000, 0x00000000e6980000, 0x00000000eab00000)
  object space 632320K, 86% used [0x00000000c0000000,0x00000000e13b3698,0x00000000e6980000)
 Metaspace       used 6182K, capacity 7096K, committed 7296K, reserved 1056768K
  class space    used 614K, capacity 624K, committed 640K, reserved 1048576K
Event: 42.394 GC heap after
Heap after GC invocations=59 (full 12):
 PSYoungGen      total 232960K, used 18770K [0x00000000eab00000, 0x0000000100000000, 0x0000000100000000)
  eden space 116736K, 0% used [0x00000000eab00000,0x00000000eab00000,0x00000000f1d00000)
  from space 116224K, 16% used [0x00000000f1d00000,0x00000000f2f54a50,0x00000000f8e80000)
  to   space 116224K, 0% used [0x00000000f8e80000,0x00000000f8e80000,0x0000000100000000)
 ParOldGen       total 632320K, used 544461K [0x00000000c0000000, 0x00000000e6980000, 0x00000000eab00000)
  object space 632320K, 86% used [0x00000000c0000000,0x00000000e13b3698,0x00000000e6980000)
 Metaspace       used 6182K, capacity 7096K, committed 7296K, reserved 1056768K
  class space    used 614K, capacity 624K, committed 640K, reserved 1048576K
}
Event: 42.728 GC heap before
{Heap before GC invocations=60 (full 12):
 PSYoungGen      total 232960K, used 135506K [0x00000000eab00000, 0x0000000100000000, 0x0000000100000000)
  eden space 116736K, 100% used [0x00000000eab00000,0x00000000f1d00000,0x00000000f1d00000)
  from space 116224K, 16% used [0x00000000f1d00000,0x00000000f2f54a50,0x00000000f8e80000)
  to   space 116224K, 0% used [0x00000000f8e80000,0x00000000f8e80000,0x0000000100000000)
 ParOldGen       total 632320K, used 544461K [0x00000000c0000000, 0x00000000e6980000, 0x00000000eab00000)
  object space 632320K, 86% used [0x00000000c0000000,0x00000000e13b3698,0x00000000e6980000)
 Metaspace       used 6182K, capacity 7096K, committed 7296K, reserved 1056768K
  class space    used 614K, capacity 624K, committed 640K, reserved 1048576K
Event: 42.829 GC heap after
Heap after GC invocations=60 (full 12):
 PSYoungGen      total 232960K, used 18719K [0x00000000eab00000, 0x0000000100000000, 0x0000000100000000)
  eden space 116736K, 0% used [0x00000000eab00000,0x00000000eab00000,0x00000000f1d00000)
  from space 116224K, 16% used [0x00000000f8e80000,0x00000000fa0c7d60,0x0000000100000000)
  to   space 116224K, 0% used [0x00000000f1d00000,0x00000000f1d00000,0x00000000f8e80000)
 ParOldGen       total 632320K, used 562561K [0x00000000c0000000, 0x00000000e6980000, 0x00000000eab00000)
  object space 632320K, 88% used [0x00000000c0000000,0x00000000e25605a0,0x00000000e6980000)
 Metaspace       used 6182K, capacity 7096K, committed 7296K, reserved 1056768K
  class space    used 614K, capacity 624K, committed 640K, reserved 1048576K
}
Event: 43.282 GC heap before
{Heap before GC invocations=61 (full 12):
 PSYoungGen      total 232960K, used 135455K [0x00000000eab00000, 0x0000000100000000, 0x0000000100000000)
  eden space 116736K, 100% used [0x00000000eab00000,0x00000000f1d00000,0x00000000f1d00000)
  from space 116224K, 16% used [0x00000000f8e80000,0x00000000fa0c7d60,0x0000000100000000)
  to   space 116224K, 0% used [0x00000000f1d00000,0x00000000f1d00000,0x00000000f8e80000)
 ParOldGen       total 632320K, used 562561K [0x00000000c0000000, 0x00000000e6980000, 0x00000000eab00000)
  object space 632320K, 88% used [0x00000000c0000000,0x00000000e25605a0,0x00000000e6980000)
 Metaspace       used 6182K, capacity 7096K, committed 7296K, reserved 1056768K
  class space    used 614K, capacity 624K, committed 640K, reserved 1048576K
Event: 43.383 GC heap after
Heap after GC invocations=61 (full 12):
 PSYoungGen      total 232960K, used 18594K [0x00000000eab00000, 0x0000000100000000, 0x0000000100000000)
  eden space 116736K, 0% used [0x00000000eab00000,0x00000000eab00000,0x00000000f1d00000)
  from space 116224K, 15% used [0x00000000f1d00000,0x00000000f2f28b60,0x00000000f8e80000)
  to   space 116224K, 0% used [0x00000000f8e80000,0x00000000f8e80000,0x0000000100000000)
 ParOldGen       total 632320K, used 580244K [0x00000000c0000000, 0x00000000e6980000, 0x00000000eab00000)
  object space 632320K, 91% used [0x00000000c0000000,0x00000000e36a50b8,0x00000000e6980000)
 Metaspace       used 6182K, capacity 7096K, committed 7296K, reserved 1056768K
  class space    used 614K, capacity 624K, committed 640K, reserved 1048576K
}
Event: 43.755 GC heap before
{Heap before GC invocations=62 (full 12):
 PSYoungGen      total 232960K, used 135330K [0x00000000eab00000, 0x0000000100000000, 0x0000000100000000)
  eden space 116736K, 100% used [0x00000000eab00000,0x00000000f1d00000,0x00000000f1d00000)
  from space 116224K, 15% used [0x00000000f1d00000,0x00000000f2f28b60,0x00000000f8e80000)
  to   space 116224K, 0% used [0x00000000f8e80000,0x00000000f8e80000,0x0000000100000000)
 ParOldGen       total 632320K, used 580244K [0x00000000c0000000, 0x00000000e6980000, 0x00000000eab00000)
  object space 632320K, 91% used [0x00000000c0000000,0x00000000e36a50b8,0x00000000e6980000)
 Metaspace       used 6182K, capacity 7096K, committed 7296K, reserved 1056768K
  class space    used 614K, capacity 624K, committed 640K, reserved 1048576K
Event: 43.820 GC heap after
Heap after GC invocations=62 (full 12):
 PSYoungGen      total 232960K, used 18464K [0x00000000eab00000, 0x0000000100000000, 0x0000000100000000)
  eden space 116736K, 0% used [0x00000000eab00000,0x00000000eab00000,0x00000000f1d00000)
  from space 116224K, 15% used [0x00000000f8e80000,0x00000000fa088000,0x0000000100000000)
  to   space 116224K, 0% used [0x00000000f1d00000,0x00000000f1d00000,0x00000000f8e80000)
 ParOldGen       total 632320K, used 598180K [0x00000000c0000000, 0x00000000e6980000, 0x00000000eab00000)
  object space 632320K, 94% used [0x00000000c0000000,0x00000000e4829350,0x00000000e6980000)
 Metaspace       used 6182K, capacity 7096K, committed 7296K, reserved 1056768K
  class space    used 614K, capacity 624K, committed 640K, reserved 1048576K
}
Event: 43.820 GC heap before
{Heap before GC invocations=63 (full 13):
 PSYoungGen      total 232960K, used 18464K [0x00000000eab00000, 0x0000000100000000, 0x0000000100000000)
  eden space 116736K, 0% used [0x00000000eab00000,0x00000000eab00000,0x00000000f1d00000)
  from space 116224K, 15% used [0x00000000f8e80000,0x00000000fa088000,0x0000000100000000)
  to   space 116224K, 0% used [0x00000000f1d00000,0x00000000f1d00000,0x00000000f8e80000)
 ParOldGen       total 632320K, used 598180K [0x00000000c0000000, 0x00000000e6980000, 0x00000000eab00000)
  object space 632320K, 94% used [0x00000000c0000000,0x00000000e4829350,0x00000000e6980000)
 Metaspace       used 6182K, capacity 7096K, committed 7296K, reserved 1056768K
  class space    used 614K, capacity 624K, committed 640K, reserved 1048576K
Event: 45.911 GC heap after
Heap after GC invocations=63 (full 13):
 PSYoungGen      total 232960K, used 0K [0x00000000eab00000, 0x0000000100000000, 0x0000000100000000)
  eden space 116736K, 0% used [0x00000000eab00000,0x00000000eab00000,0x00000000f1d00000)
  from space 116224K, 0% used [0x00000000f8e80000,0x00000000f8e80000,0x0000000100000000)
  to   space 116224K, 0% used [0x00000000f1d00000,0x00000000f1d00000,0x00000000f8e80000)
 ParOldGen       total 699392K, used 614691K [0x00000000c0000000, 0x00000000eab00000, 0x00000000eab00000)
  object space 699392K, 87% used [0x00000000c0000000,0x00000000e5848c70,0x00000000eab00000)
 Metaspace       used 6182K, capacity 7096K, committed 7296K, reserved 1056768K
  class space    used 614K, capacity 624K, committed 640K, reserved 1048576K
}

